TpTrace Verbose: 0 : 14028, 1, 2023/02/22, 13:56:08.163, 6189487266283, vstest.console.dll, Version: 17.4.0-release-20221019-01 Current process architecture: X64
TpTrace Verbose: 0 : 14028, 1, 2023/02/22, 13:56:08.170, 6189487338544, vstest.console.dll, Runtime location: C:\Program Files\dotnet\shared\Microsoft.NETCore.App\7.0.0
TpTrace Verbose: 0 : 14028, 1, 2023/02/22, 13:56:08.184, 6189487484341, vstest.console.dll, ArtifactProcessingPostProcessModeProcessorExecutor.Initialize: ArtifactProcessingMode.Collect
TpTrace Verbose: 0 : 14028, 1, 2023/02/22, 13:56:08.185, 6189487489601, vstest.console.dll, TestSessionCorrelationIdProcessorModeProcessorExecutor.Initialize: TestSessionCorrelationId '12524_f8166b5d-eb7e-4449-b0ab-196c20904ebd'
TpTrace Information: 0 : 14028, 1, 2023/02/22, 13:56:08.230, 6189487937954, vstest.console.dll, FilePatternParser: The given file C:\Repositorio\Desafios\b3\B3.Desafio\tests\b3.Desafio.WebApi.Tests\bin\Debug\net6.0\fine-code-coverage\build-output\b3.Desafio.WebApi.Tests.dll is a full path.
TpTrace Verbose: 0 : 14028, 1, 2023/02/22, 13:56:08.407, 6189489715568, vstest.console.dll, TestPluginCache.DiscoverTestExtensions: finding test extensions in assemblies ends with: RuntimeProvider.dll TPluginInfo: Microsoft.VisualStudio.TestPlatform.Common.ExtensionFramework.Utilities.TestRuntimePluginInformation TExtension: Microsoft.VisualStudio.TestPlatform.ObjectModel.Host.ITestRuntimeProvider
TpTrace Verbose: 0 : 14028, 1, 2023/02/22, 13:56:08.409, 6189489726474, vstest.console.dll, TestPluginCache.GetExtensionPaths: Filtered extension paths: 
TpTrace Verbose: 0 : 14028, 1, 2023/02/22, 13:56:08.409, 6189489731883, vstest.console.dll, TestPluginCache.GetExtensionPaths: Added default extension paths: C:\Program Files\dotnet\sdk\7.0.100\Extensions\Microsoft.Diagnostics.NETCore.Client.dll
C:\Program Files\dotnet\sdk\7.0.100\Extensions\Microsoft.TestPlatform.Extensions.BlameDataCollector.dll
C:\Program Files\dotnet\sdk\7.0.100\Extensions\Microsoft.TestPlatform.Extensions.EventLogCollector.dll
C:\Program Files\dotnet\sdk\7.0.100\Extensions\Microsoft.TestPlatform.TestHostRuntimeProvider.dll
C:\Program Files\dotnet\sdk\7.0.100\Extensions\Microsoft.VisualStudio.TestPlatform.Extensions.Html.TestLogger.dll
C:\Program Files\dotnet\sdk\7.0.100\Extensions\Microsoft.VisualStudio.TestPlatform.Extensions.Trx.TestLogger.dll
TpTrace Verbose: 0 : 14028, 1, 2023/02/22, 13:56:08.410, 6189489737211, vstest.console.dll, TestPluginCache.GetExtensionPaths: Added unfilterableExtensionPaths: 
TpTrace Information: 0 : 14028, 1, 2023/02/22, 13:56:08.424, 6189489876231, vstest.console.dll, AssemblyResolver.ctor: Creating AssemblyResolver with searchDirectories C:\Program Files\dotnet\sdk\7.0.100\Extensions,C:\Program Files\dotnet\sdk\7.0.100
TpTrace Verbose: 0 : 14028, 1, 2023/02/22, 13:56:08.474, 6189490378400, vstest.console.dll, TestPluginCache.DiscoverTestExtensions: Discovering the extensions using extension path.
TpTrace Verbose: 0 : 14028, 1, 2023/02/22, 13:56:08.474, 6189490385645, vstest.console.dll, TestPluginCache.GetExtensionPaths: Filtered extension paths: 
TpTrace Verbose: 0 : 14028, 1, 2023/02/22, 13:56:08.475, 6189490387805, vstest.console.dll, TestPluginCache.GetExtensionPaths: Added default extension paths: C:\Program Files\dotnet\sdk\7.0.100\Extensions\Microsoft.Diagnostics.NETCore.Client.dll
C:\Program Files\dotnet\sdk\7.0.100\Extensions\Microsoft.TestPlatform.Extensions.BlameDataCollector.dll
C:\Program Files\dotnet\sdk\7.0.100\Extensions\Microsoft.TestPlatform.Extensions.EventLogCollector.dll
C:\Program Files\dotnet\sdk\7.0.100\Extensions\Microsoft.TestPlatform.TestHostRuntimeProvider.dll
C:\Program Files\dotnet\sdk\7.0.100\Extensions\Microsoft.VisualStudio.TestPlatform.Extensions.Html.TestLogger.dll
C:\Program Files\dotnet\sdk\7.0.100\Extensions\Microsoft.VisualStudio.TestPlatform.Extensions.Trx.TestLogger.dll
TpTrace Verbose: 0 : 14028, 1, 2023/02/22, 13:56:08.475, 6189490390277, vstest.console.dll, TestPluginCache.GetExtensionPaths: Added unfilterableExtensionPaths: 
TpTrace Verbose: 0 : 14028, 1, 2023/02/22, 13:56:08.476, 6189490396641, vstest.console.dll, TestPluginCache.DiscoverTestExtensions: Discovering the extensions using allExtensionPaths: C:\Program Files\dotnet\sdk\7.0.100\Extensions\Microsoft.Diagnostics.NETCore.Client.dll
C:\Program Files\dotnet\sdk\7.0.100\Extensions\Microsoft.TestPlatform.Extensions.BlameDataCollector.dll
C:\Program Files\dotnet\sdk\7.0.100\Extensions\Microsoft.TestPlatform.Extensions.EventLogCollector.dll
C:\Program Files\dotnet\sdk\7.0.100\Extensions\Microsoft.TestPlatform.TestHostRuntimeProvider.dll
C:\Program Files\dotnet\sdk\7.0.100\Extensions\Microsoft.VisualStudio.TestPlatform.Extensions.Html.TestLogger.dll
C:\Program Files\dotnet\sdk\7.0.100\Extensions\Microsoft.VisualStudio.TestPlatform.Extensions.Trx.TestLogger.dll
TpTrace Information: 0 : 14028, 1, 2023/02/22, 13:56:08.477, 6189490412021, vstest.console.dll, AssemblyResolver.AddSearchDirectories: Adding more searchDirectories C:\Program Files\dotnet\sdk\7.0.100\Extensions,C:\Program Files\dotnet\sdk\7.0.100
TpTrace Information: 0 : 14028, 1, 2023/02/22, 13:56:08.477, 6189490415507, vstest.console.dll, AssemblyResolver.AddSearchDirectories: Adding more searchDirectories C:\Program Files\dotnet\sdk\7.0.100\Extensions,C:\Program Files\dotnet\sdk\7.0.100
TpTrace Information: 0 : 14028, 1, 2023/02/22, 13:56:08.478, 6189490417898, vstest.console.dll, AssemblyResolver.AddSearchDirectories: Adding more searchDirectories C:\Program Files\dotnet\sdk\7.0.100\Extensions,C:\Program Files\dotnet\sdk\7.0.100
TpTrace Information: 0 : 14028, 1, 2023/02/22, 13:56:08.478, 6189490420224, vstest.console.dll, AssemblyResolver.AddSearchDirectories: Adding more searchDirectories C:\Program Files\dotnet\sdk\7.0.100\Extensions,C:\Program Files\dotnet\sdk\7.0.100
TpTrace Information: 0 : 14028, 1, 2023/02/22, 13:56:08.478, 6189490422285, vstest.console.dll, AssemblyResolver.AddSearchDirectories: Adding more searchDirectories C:\Program Files\dotnet\sdk\7.0.100\Extensions,C:\Program Files\dotnet\sdk\7.0.100
TpTrace Information: 0 : 14028, 1, 2023/02/22, 13:56:08.478, 6189490424528, vstest.console.dll, AssemblyResolver.AddSearchDirectories: Adding more searchDirectories C:\Program Files\dotnet\sdk\7.0.100\Extensions,C:\Program Files\dotnet\sdk\7.0.100
TpTrace Information: 0 : 14028, 1, 2023/02/22, 13:56:08.480, 6189490445641, vstest.console.dll, AssemblyResolver.OnResolve: Microsoft.Diagnostics.NETCore.Client: Resolving assembly.
TpTrace Information: 0 : 14028, 1, 2023/02/22, 13:56:08.481, 6189490449564, vstest.console.dll, AssemblyResolver.OnResolve: Microsoft.Diagnostics.NETCore.Client: Searching in: 'C:\Program Files\dotnet\sdk\7.0.100\Extensions'.
TpTrace Information: 0 : 14028, 1, 2023/02/22, 13:56:08.621, 6189491851358, vstest.console.dll, AssemblyResolver.OnResolve: Microsoft.Diagnostics.NETCore.Client: Loading assembly 'C:\Program Files\dotnet\sdk\7.0.100\Extensions\Microsoft.Diagnostics.NETCore.Client.dll'.
TpTrace Information: 0 : 14028, 1, 2023/02/22, 13:56:08.641, 6189492053638, vstest.console.dll, AssemblyResolver.OnResolve: Resolved assembly: Microsoft.Diagnostics.NETCore.Client, from path: C:\Program Files\dotnet\sdk\7.0.100\Extensions\Microsoft.Diagnostics.NETCore.Client.dll
TpTrace Verbose: 0 : 14028, 1, 2023/02/22, 13:56:08.648, 6189492121127, vstest.console.dll, MetadataReaderExtensionsHelper: Discovering extensions inside assembly 'Microsoft.Diagnostics.NETCore.Client, Version=0.2.6.42401, Culture=neutral, PublicKeyToken=31bf3856ad364e35' file path 'C:\Program Files\dotnet\sdk\7.0.100\Extensions\Microsoft.Diagnostics.NETCore.Client.dll'
TpTrace Information: 0 : 14028, 1, 2023/02/22, 13:56:08.678, 6189492417507, vstest.console.dll, AssemblyResolver.OnResolve: Microsoft.Bcl.AsyncInterfaces: Resolving assembly.
TpTrace Information: 0 : 14028, 1, 2023/02/22, 13:56:08.678, 6189492420902, vstest.console.dll, AssemblyResolver.OnResolve: Microsoft.Bcl.AsyncInterfaces: Searching in: 'C:\Program Files\dotnet\sdk\7.0.100\Extensions'.
TpTrace Information: 0 : 14028, 1, 2023/02/22, 13:56:08.678, 6189492425865, vstest.console.dll, AssemblyResolver.OnResolve: Microsoft.Bcl.AsyncInterfaces: Assembly path does not exist: 'C:\Program Files\dotnet\sdk\7.0.100\Extensions\Microsoft.Bcl.AsyncInterfaces.dll', returning.
TpTrace Information: 0 : 14028, 1, 2023/02/22, 13:56:08.679, 6189492431987, vstest.console.dll, AssemblyResolver.OnResolve: Microsoft.Bcl.AsyncInterfaces: Assembly path does not exist: 'C:\Program Files\dotnet\sdk\7.0.100\Extensions\Microsoft.Bcl.AsyncInterfaces.exe', returning.
TpTrace Information: 0 : 14028, 1, 2023/02/22, 13:56:08.679, 6189492434394, vstest.console.dll, AssemblyResolver.OnResolve: Microsoft.Bcl.AsyncInterfaces: Searching in: 'C:\Program Files\dotnet\sdk\7.0.100'.
TpTrace Information: 0 : 14028, 1, 2023/02/22, 13:56:08.680, 6189492438577, vstest.console.dll, AssemblyResolver.OnResolve: Microsoft.Bcl.AsyncInterfaces: Assembly path does not exist: 'C:\Program Files\dotnet\sdk\7.0.100\Microsoft.Bcl.AsyncInterfaces.dll', returning.
TpTrace Information: 0 : 14028, 1, 2023/02/22, 13:56:08.680, 6189492442690, vstest.console.dll, AssemblyResolver.OnResolve: Microsoft.Bcl.AsyncInterfaces: Assembly path does not exist: 'C:\Program Files\dotnet\sdk\7.0.100\Microsoft.Bcl.AsyncInterfaces.exe', returning.
TpTrace Information: 0 : 14028, 1, 2023/02/22, 13:56:08.680, 6189492444589, vstest.console.dll, AssemblyResolver.OnResolve: Microsoft.Bcl.AsyncInterfaces: Failed to load assembly.
TpTrace Verbose: 0 : 14028, 1, 2023/02/22, 13:56:08.681, 6189492446982, vstest.console.dll, CurrentDomainAssemblyResolve: Resolving assembly 'Microsoft.Bcl.AsyncInterfaces'.
TpTrace Information: 0 : 14028, 1, 2023/02/22, 13:56:08.681, 6189492450146, vstest.console.dll, AssemblyResolver.OnResolve: Microsoft.Bcl.AsyncInterfaces: Resolving assembly.
TpTrace Information: 0 : 14028, 1, 2023/02/22, 13:56:08.681, 6189492452421, vstest.console.dll, AssemblyResolver.OnResolve: Microsoft.Bcl.AsyncInterfaces: Resolved from cache.
TpTrace Verbose: 0 : 14028, 1, 2023/02/22, 13:56:08.681, 6189492454206, vstest.console.dll, CurrentDomainAssemblyResolve: Resolving assembly 'Microsoft.Bcl.AsyncInterfaces'.
TpTrace Verbose: 0 : 14028, 1, 2023/02/22, 13:56:08.682, 6189492456367, vstest.console.dll, CurrentDomainAssemblyResolve: Failed to resolve assembly 'Microsoft.Bcl.AsyncInterfaces'.
TpTrace Verbose: 0 : 14028, 1, 2023/02/22, 13:56:08.686, 6189492501816, vstest.console.dll, CurrentDomainAssemblyResolve: Failed to resolve assembly 'Microsoft.Bcl.AsyncInterfaces'.
TpTrace Warning: 0 : 14028, 1, 2023/02/22, 13:56:08.714, 6189492783343, vstest.console.dll, TestPluginDiscoverer: Failed to get types from assembly 'Microsoft.Diagnostics.NETCore.Client, Version=0.2.6.42401, Culture=neutral, PublicKeyToken=31bf3856ad364e35'. Error: System.Reflection.ReflectionTypeLoadException: Unable to load one or more of the requested types.
Could not load file or assembly 'Microsoft.Bcl.AsyncInterfaces, Version=1.0.0.0, Culture=neutral, PublicKeyToken=cc7b13ffcd2ddd51'. O sistema não pode encontrar o arquivo especificado.
   at System.Reflection.RuntimeModule.GetTypes(RuntimeModule module)
   at System.Reflection.Assembly.GetTypes()
   at Microsoft.VisualStudio.TestPlatform.Common.ExtensionFramework.TestPluginDiscoverer.GetTestExtensionsFromAssembly[TPluginInfo,TExtension](Assembly assembly, Dictionary`2 pluginInfos, String filePath)
System.IO.FileNotFoundException: Could not load file or assembly 'Microsoft.Bcl.AsyncInterfaces, Version=1.0.0.0, Culture=neutral, PublicKeyToken=cc7b13ffcd2ddd51'. O sistema não pode encontrar o arquivo especificado.
File name: 'Microsoft.Bcl.AsyncInterfaces, Version=1.0.0.0, Culture=neutral, PublicKeyToken=cc7b13ffcd2ddd51'
 ---> System.IO.FileNotFoundException: Could not load file or assembly 'Microsoft.Bcl.AsyncInterfaces, Culture=neutral, PublicKeyToken=null'. O sistema não pode encontrar o arquivo especificado.
File name: 'Microsoft.Bcl.AsyncInterfaces, Culture=neutral, PublicKeyToken=null'
   at System.Reflection.RuntimeAssembly.InternalLoad(AssemblyName assemblyName, StackCrawlMark& stackMark, AssemblyLoadContext assemblyLoadContext, RuntimeAssembly requestingAssembly, Boolean throwOnFileNotFound)
   at System.Reflection.Assembly.Load(AssemblyName assemblyRef)
   at Microsoft.VisualStudio.TestPlatform.Common.ExtensionFramework.TestPluginCache.CurrentDomainAssemblyResolve(Object sender, AssemblyResolveEventArgs args)
   at System.Runtime.Loader.AssemblyLoadContext.GetFirstResolvedAssemblyFromResolvingEvent(AssemblyName assemblyName)
   at System.Runtime.Loader.AssemblyLoadContext.ResolveUsingEvent(AssemblyName assemblyName)
   at System.Runtime.Loader.AssemblyLoadContext.ResolveUsingResolvingEvent(IntPtr gchManagedAssemblyLoadContext, AssemblyName assemblyName)
TpTrace Warning: 0 : 14028, 1, 2023/02/22, 13:56:08.716, 6189492797489, vstest.console.dll, LoaderExceptions: System.IO.FileNotFoundException: Could not load file or assembly 'Microsoft.Bcl.AsyncInterfaces, Version=1.0.0.0, Culture=neutral, PublicKeyToken=cc7b13ffcd2ddd51'. O sistema não pode encontrar o arquivo especificado.
File name: 'Microsoft.Bcl.AsyncInterfaces, Version=1.0.0.0, Culture=neutral, PublicKeyToken=cc7b13ffcd2ddd51'
 ---> System.IO.FileNotFoundException: Could not load file or assembly 'Microsoft.Bcl.AsyncInterfaces, Culture=neutral, PublicKeyToken=null'. O sistema não pode encontrar o arquivo especificado.
File name: 'Microsoft.Bcl.AsyncInterfaces, Culture=neutral, PublicKeyToken=null'
   at System.Reflection.RuntimeAssembly.InternalLoad(AssemblyName assemblyName, StackCrawlMark& stackMark, AssemblyLoadContext assemblyLoadContext, RuntimeAssembly requestingAssembly, Boolean throwOnFileNotFound)
   at System.Reflection.Assembly.Load(AssemblyName assemblyRef)
   at Microsoft.VisualStudio.TestPlatform.Common.ExtensionFramework.TestPluginCache.CurrentDomainAssemblyResolve(Object sender, AssemblyResolveEventArgs args)
   at System.Runtime.Loader.AssemblyLoadContext.GetFirstResolvedAssemblyFromResolvingEvent(AssemblyName assemblyName)
   at System.Runtime.Loader.AssemblyLoadContext.ResolveUsingEvent(AssemblyName assemblyName)
   at System.Runtime.Loader.AssemblyLoadContext.ResolveUsingResolvingEvent(IntPtr gchManagedAssemblyLoadContext, AssemblyName assemblyName)
TpTrace Information: 0 : 14028, 1, 2023/02/22, 13:56:08.716, 6189492804106, vstest.console.dll, AssemblyResolver.OnResolve: Microsoft.TestPlatform.Extensions.BlameDataCollector: Resolving assembly.
TpTrace Information: 0 : 14028, 1, 2023/02/22, 13:56:08.716, 6189492805550, vstest.console.dll, AssemblyResolver.OnResolve: Microsoft.TestPlatform.Extensions.BlameDataCollector: Searching in: 'C:\Program Files\dotnet\sdk\7.0.100\Extensions'.
TpTrace Information: 0 : 14028, 1, 2023/02/22, 13:56:08.718, 6189492824982, vstest.console.dll, AssemblyResolver.OnResolve: Microsoft.TestPlatform.Extensions.BlameDataCollector: Loading assembly 'C:\Program Files\dotnet\sdk\7.0.100\Extensions\Microsoft.TestPlatform.Extensions.BlameDataCollector.dll'.
TpTrace Information: 0 : 14028, 1, 2023/02/22, 13:56:08.720, 6189492843835, vstest.console.dll, AssemblyResolver.OnResolve: Resolved assembly: Microsoft.TestPlatform.Extensions.BlameDataCollector, from path: C:\Program Files\dotnet\sdk\7.0.100\Extensions\Microsoft.TestPlatform.Extensions.BlameDataCollector.dll
TpTrace Verbose: 0 : 14028, 1, 2023/02/22, 13:56:08.721, 6189492846676, vstest.console.dll, MetadataReaderExtensionsHelper: Discovering extensions inside assembly 'Microsoft.TestPlatform.Extensions.BlameDataCollector, Version=15.0.0.0, Culture=neutral, PublicKeyToken=b03f5f7f11d50a3a' file path 'C:\Program Files\dotnet\sdk\7.0.100\Extensions\Microsoft.TestPlatform.Extensions.BlameDataCollector.dll'
TpTrace Information: 0 : 14028, 1, 2023/02/22, 13:56:08.728, 6189492919862, vstest.console.dll, AssemblyResolver.OnResolve: Microsoft.TestPlatform.Extensions.EventLogCollector: Resolving assembly.
TpTrace Information: 0 : 14028, 1, 2023/02/22, 13:56:08.728, 6189492922302, vstest.console.dll, AssemblyResolver.OnResolve: Microsoft.TestPlatform.Extensions.EventLogCollector: Searching in: 'C:\Program Files\dotnet\sdk\7.0.100\Extensions'.
TpTrace Information: 0 : 14028, 1, 2023/02/22, 13:56:08.730, 6189492945631, vstest.console.dll, AssemblyResolver.OnResolve: Microsoft.TestPlatform.Extensions.EventLogCollector: Loading assembly 'C:\Program Files\dotnet\sdk\7.0.100\Extensions\Microsoft.TestPlatform.Extensions.EventLogCollector.dll'.
TpTrace Information: 0 : 14028, 1, 2023/02/22, 13:56:08.732, 6189492962337, vstest.console.dll, AssemblyResolver.OnResolve: Resolved assembly: Microsoft.TestPlatform.Extensions.EventLogCollector, from path: C:\Program Files\dotnet\sdk\7.0.100\Extensions\Microsoft.TestPlatform.Extensions.EventLogCollector.dll
TpTrace Verbose: 0 : 14028, 1, 2023/02/22, 13:56:08.732, 6189492964578, vstest.console.dll, MetadataReaderExtensionsHelper: Discovering extensions inside assembly 'Microsoft.TestPlatform.Extensions.EventLogCollector, Version=15.0.0.0, Culture=neutral, PublicKeyToken=b03f5f7f11d50a3a' file path 'C:\Program Files\dotnet\sdk\7.0.100\Extensions\Microsoft.TestPlatform.Extensions.EventLogCollector.dll'
TpTrace Information: 0 : 14028, 1, 2023/02/22, 13:56:08.740, 6189493036078, vstest.console.dll, AssemblyResolver.OnResolve: Microsoft.TestPlatform.TestHostRuntimeProvider: Resolving assembly.
TpTrace Information: 0 : 14028, 1, 2023/02/22, 13:56:08.740, 6189493038446, vstest.console.dll, AssemblyResolver.OnResolve: Microsoft.TestPlatform.TestHostRuntimeProvider: Searching in: 'C:\Program Files\dotnet\sdk\7.0.100\Extensions'.
TpTrace Information: 0 : 14028, 1, 2023/02/22, 13:56:08.741, 6189493053102, vstest.console.dll, AssemblyResolver.OnResolve: Microsoft.TestPlatform.TestHostRuntimeProvider: Loading assembly 'C:\Program Files\dotnet\sdk\7.0.100\Extensions\Microsoft.TestPlatform.TestHostRuntimeProvider.dll'.
TpTrace Information: 0 : 14028, 1, 2023/02/22, 13:56:08.743, 6189493067887, vstest.console.dll, AssemblyResolver.OnResolve: Resolved assembly: Microsoft.TestPlatform.TestHostRuntimeProvider, from path: C:\Program Files\dotnet\sdk\7.0.100\Extensions\Microsoft.TestPlatform.TestHostRuntimeProvider.dll
TpTrace Verbose: 0 : 14028, 1, 2023/02/22, 13:56:08.743, 6189493070560, vstest.console.dll, MetadataReaderExtensionsHelper: Discovering extensions inside assembly 'Microsoft.TestPlatform.TestHostRuntimeProvider, Version=15.0.0.0, Culture=neutral, PublicKeyToken=b03f5f7f11d50a3a' file path 'C:\Program Files\dotnet\sdk\7.0.100\Extensions\Microsoft.TestPlatform.TestHostRuntimeProvider.dll'
TpTrace Information: 0 : 14028, 1, 2023/02/22, 13:56:08.749, 6189493133794, vstest.console.dll, GetTestExtensionFromType: Register extension with identifier data 'HostProvider://DefaultTestHost' and type 'Microsoft.VisualStudio.TestPlatform.CrossPlatEngine.Hosting.DefaultTestHostManager, Microsoft.TestPlatform.TestHostRuntimeProvider, Version=15.0.0.0, Culture=neutral, PublicKeyToken=b03f5f7f11d50a3a' inside file 'C:\Program Files\dotnet\sdk\7.0.100\Extensions\Microsoft.TestPlatform.TestHostRuntimeProvider.dll'
TpTrace Information: 0 : 14028, 1, 2023/02/22, 13:56:08.750, 6189493141440, vstest.console.dll, GetTestExtensionFromType: Register extension with identifier data 'HostProvider://DotnetTestHost' and type 'Microsoft.VisualStudio.TestPlatform.CrossPlatEngine.Hosting.DotnetTestHostManager, Microsoft.TestPlatform.TestHostRuntimeProvider, Version=15.0.0.0, Culture=neutral, PublicKeyToken=b03f5f7f11d50a3a' inside file 'C:\Program Files\dotnet\sdk\7.0.100\Extensions\Microsoft.TestPlatform.TestHostRuntimeProvider.dll'
TpTrace Information: 0 : 14028, 1, 2023/02/22, 13:56:08.750, 6189493143767, vstest.console.dll, AssemblyResolver.OnResolve: Microsoft.VisualStudio.TestPlatform.Extensions.Html.TestLogger: Resolving assembly.
TpTrace Information: 0 : 14028, 1, 2023/02/22, 13:56:08.750, 6189493144929, vstest.console.dll, AssemblyResolver.OnResolve: Microsoft.VisualStudio.TestPlatform.Extensions.Html.TestLogger: Searching in: 'C:\Program Files\dotnet\sdk\7.0.100\Extensions'.
TpTrace Information: 0 : 14028, 1, 2023/02/22, 13:56:08.752, 6189493159765, vstest.console.dll, AssemblyResolver.OnResolve: Microsoft.VisualStudio.TestPlatform.Extensions.Html.TestLogger: Loading assembly 'C:\Program Files\dotnet\sdk\7.0.100\Extensions\Microsoft.VisualStudio.TestPlatform.Extensions.Html.TestLogger.dll'.
TpTrace Information: 0 : 14028, 1, 2023/02/22, 13:56:08.754, 6189493176483, vstest.console.dll, AssemblyResolver.OnResolve: Resolved assembly: Microsoft.VisualStudio.TestPlatform.Extensions.Html.TestLogger, from path: C:\Program Files\dotnet\sdk\7.0.100\Extensions\Microsoft.VisualStudio.TestPlatform.Extensions.Html.TestLogger.dll
TpTrace Verbose: 0 : 14028, 1, 2023/02/22, 13:56:08.754, 6189493180168, vstest.console.dll, MetadataReaderExtensionsHelper: Discovering extensions inside assembly 'Microsoft.VisualStudio.TestPlatform.Extensions.Html.TestLogger, Version=15.0.0.0, Culture=neutral, PublicKeyToken=b03f5f7f11d50a3a' file path 'C:\Program Files\dotnet\sdk\7.0.100\Extensions\Microsoft.VisualStudio.TestPlatform.Extensions.Html.TestLogger.dll'
TpTrace Information: 0 : 14028, 1, 2023/02/22, 13:56:08.757, 6189493213576, vstest.console.dll, AssemblyResolver.OnResolve: Microsoft.VisualStudio.TestPlatform.Extensions.Trx.TestLogger: Resolving assembly.
TpTrace Information: 0 : 14028, 1, 2023/02/22, 13:56:08.757, 6189493215666, vstest.console.dll, AssemblyResolver.OnResolve: Microsoft.VisualStudio.TestPlatform.Extensions.Trx.TestLogger: Searching in: 'C:\Program Files\dotnet\sdk\7.0.100\Extensions'.
TpTrace Information: 0 : 14028, 1, 2023/02/22, 13:56:08.759, 6189493229355, vstest.console.dll, AssemblyResolver.OnResolve: Microsoft.VisualStudio.TestPlatform.Extensions.Trx.TestLogger: Loading assembly 'C:\Program Files\dotnet\sdk\7.0.100\Extensions\Microsoft.VisualStudio.TestPlatform.Extensions.Trx.TestLogger.dll'.
TpTrace Information: 0 : 14028, 1, 2023/02/22, 13:56:08.761, 6189493246210, vstest.console.dll, AssemblyResolver.OnResolve: Resolved assembly: Microsoft.VisualStudio.TestPlatform.Extensions.Trx.TestLogger, from path: C:\Program Files\dotnet\sdk\7.0.100\Extensions\Microsoft.VisualStudio.TestPlatform.Extensions.Trx.TestLogger.dll
TpTrace Verbose: 0 : 14028, 1, 2023/02/22, 13:56:08.761, 6189493248600, vstest.console.dll, MetadataReaderExtensionsHelper: Discovering extensions inside assembly 'Microsoft.VisualStudio.TestPlatform.Extensions.Trx.TestLogger, Version=15.0.0.0, Culture=neutral, PublicKeyToken=b03f5f7f11d50a3a' file path 'C:\Program Files\dotnet\sdk\7.0.100\Extensions\Microsoft.VisualStudio.TestPlatform.Extensions.Trx.TestLogger.dll'
TpTrace Verbose: 0 : 14028, 1, 2023/02/22, 13:56:08.765, 6189493286699, vstest.console.dll, TestPluginCache: Discovered the extensions using extension path ''.
TpTrace Verbose: 0 : 14028, 1, 2023/02/22, 13:56:08.765, 6189493289162, vstest.console.dll, TestPluginCache: Discoverers are ''.
TpTrace Verbose: 0 : 14028, 1, 2023/02/22, 13:56:08.765, 6189493290244, vstest.console.dll, TestPluginCache: Executors are ''.
TpTrace Verbose: 0 : 14028, 1, 2023/02/22, 13:56:08.765, 6189493291193, vstest.console.dll, TestPluginCache: Executors2 are ''.
TpTrace Verbose: 0 : 14028, 1, 2023/02/22, 13:56:08.765, 6189493292121, vstest.console.dll, TestPluginCache: Setting providers are ''.
TpTrace Verbose: 0 : 14028, 1, 2023/02/22, 13:56:08.765, 6189493293043, vstest.console.dll, TestPluginCache: Loggers are ''.
TpTrace Verbose: 0 : 14028, 1, 2023/02/22, 13:56:08.766, 6189493297016, vstest.console.dll, TestPluginCache: TestHosts are 'HostProvider://DefaultTestHost,HostProvider://DotnetTestHost'.
TpTrace Verbose: 0 : 14028, 1, 2023/02/22, 13:56:08.766, 6189493298215, vstest.console.dll, TestPluginCache: DataCollectors are ''.
TpTrace Information: 0 : 14028, 1, 2023/02/22, 13:56:08.801, 6189493647435, vstest.console.dll, RunTestsArgumentProcessor:Execute: Test run is starting.
TpTrace Verbose: 0 : 14028, 1, 2023/02/22, 13:56:08.801, 6189493650449, vstest.console.dll, RunTestsArgumentProcessor:Execute: Queuing Test run.
TpTrace Information: 0 : 14028, 1, 2023/02/22, 13:56:08.803, 6189493668485, vstest.console.dll, TestRequestManager.RunTests: run tests started.
TpTrace Information: 0 : 14028, 1, 2023/02/22, 13:56:08.807, 6189493706585, vstest.console.dll, AssemblyMetadataProvider.GetFrameworkName: Determined framework:'.NETCoreApp,Version=v6.0' for source: 'C:\Repositorio\Desafios\b3\B3.Desafio\tests\b3.Desafio.WebApi.Tests\bin\Debug\net6.0\fine-code-coverage\build-output\b3.Desafio.WebApi.Tests.dll'
TpTrace Information: 0 : 14028, 1, 2023/02/22, 13:56:08.807, 6189493713004, vstest.console.dll, Determined framework for all sources: .NETCoreApp,Version=v6.0
TpTrace Verbose: 0 : 14028, 1, 2023/02/22, 13:56:08.809, 6189493729596, vstest.console.dll, TestRequestManager.UpdateRunSettingsIfRequired: Default architecture: X64 IsDefaultTargetArchitecture: True, Current process architecture: X64 OperatingSystem: Windows.
TpTrace Information: 0 : 14028, 1, 2023/02/22, 13:56:08.814, 6189493783725, vstest.console.dll, AssemblyMetadataProvider.GetArchitecture: Determined architecture:AnyCPU info for assembly: C:\Repositorio\Desafios\b3\B3.Desafio\tests\b3.Desafio.WebApi.Tests\bin\Debug\net6.0\fine-code-coverage\build-output\b3.Desafio.WebApi.Tests.dll
TpTrace Information: 0 : 14028, 1, 2023/02/22, 13:56:08.814, 6189493785625, vstest.console.dll, Determined platform for source 'C:\Repositorio\Desafios\b3\B3.Desafio\tests\b3.Desafio.WebApi.Tests\bin\Debug\net6.0\fine-code-coverage\build-output\b3.Desafio.WebApi.Tests.dll' was AnyCPU and it will use the default plaform X64.
TpTrace Information: 0 : 14028, 1, 2023/02/22, 13:56:08.815, 6189493786749, vstest.console.dll, None of the sources provided any runnable platform, using the default platform: X64
TpTrace Information: 0 : 14028, 1, 2023/02/22, 13:56:08.815, 6189493792466, vstest.console.dll, Platform was updated to 'X64'.
TpTrace Information: 0 : 14028, 1, 2023/02/22, 13:56:08.826, 6189493902145, vstest.console.dll, InferRunSettingsHelper.IsTestSettingsEnabled: Unable to navigate to RunSettings/MSTest. Current node: RunSettings
TpTrace Information: 0 : 14028, 1, 2023/02/22, 13:56:08.828, 6189493921723, vstest.console.dll, AssemblyResolver.OnResolve: Microsoft.VisualStudio.TestPlatform.Fakes: Resolving assembly.
TpTrace Information: 0 : 14028, 1, 2023/02/22, 13:56:08.828, 6189493923708, vstest.console.dll, AssemblyResolver.OnResolve: Microsoft.VisualStudio.TestPlatform.Fakes: Searching in: 'C:\Program Files\dotnet\sdk\7.0.100\Extensions'.
TpTrace Information: 0 : 14028, 1, 2023/02/22, 13:56:08.829, 6189493927086, vstest.console.dll, AssemblyResolver.OnResolve: Microsoft.VisualStudio.TestPlatform.Fakes: Assembly path does not exist: 'C:\Program Files\dotnet\sdk\7.0.100\Extensions\Microsoft.VisualStudio.TestPlatform.Fakes.dll', returning.
TpTrace Information: 0 : 14028, 1, 2023/02/22, 13:56:08.829, 6189493929949, vstest.console.dll, AssemblyResolver.OnResolve: Microsoft.VisualStudio.TestPlatform.Fakes: Assembly path does not exist: 'C:\Program Files\dotnet\sdk\7.0.100\Extensions\Microsoft.VisualStudio.TestPlatform.Fakes.exe', returning.
TpTrace Information: 0 : 14028, 1, 2023/02/22, 13:56:08.829, 6189493931090, vstest.console.dll, AssemblyResolver.OnResolve: Microsoft.VisualStudio.TestPlatform.Fakes: Searching in: 'C:\Program Files\dotnet\sdk\7.0.100'.
TpTrace Information: 0 : 14028, 1, 2023/02/22, 13:56:08.829, 6189493933913, vstest.console.dll, AssemblyResolver.OnResolve: Microsoft.VisualStudio.TestPlatform.Fakes: Assembly path does not exist: 'C:\Program Files\dotnet\sdk\7.0.100\Microsoft.VisualStudio.TestPlatform.Fakes.dll', returning.
TpTrace Information: 0 : 14028, 1, 2023/02/22, 13:56:08.830, 6189493936587, vstest.console.dll, AssemblyResolver.OnResolve: Microsoft.VisualStudio.TestPlatform.Fakes: Assembly path does not exist: 'C:\Program Files\dotnet\sdk\7.0.100\Microsoft.VisualStudio.TestPlatform.Fakes.exe', returning.
TpTrace Information: 0 : 14028, 1, 2023/02/22, 13:56:08.830, 6189493937702, vstest.console.dll, AssemblyResolver.OnResolve: Microsoft.VisualStudio.TestPlatform.Fakes: Failed to load assembly.
TpTrace Information: 0 : 14028, 1, 2023/02/22, 13:56:08.831, 6189493953208, vstest.console.dll, Failed to load assembly Microsoft.VisualStudio.TestPlatform.Fakes, Version=17.0.0.0, Culture=neutral. Reason:System.IO.FileNotFoundException: Could not load file or assembly 'Microsoft.VisualStudio.TestPlatform.Fakes, Version=17.0.0.0, Culture=neutral, PublicKeyToken=null'. O sistema não pode encontrar o arquivo especificado.
File name: 'Microsoft.VisualStudio.TestPlatform.Fakes, Version=17.0.0.0, Culture=neutral, PublicKeyToken=null'
   at System.Reflection.RuntimeAssembly.InternalLoad(AssemblyName assemblyName, StackCrawlMark& stackMark, AssemblyLoadContext assemblyLoadContext, RuntimeAssembly requestingAssembly, Boolean throwOnFileNotFound)
   at System.Reflection.Assembly.Load(AssemblyName assemblyRef)
   at Microsoft.VisualStudio.TestPlatform.Common.Utilities.FakesUtilities.LoadTestPlatformAssembly()
TpTrace Verbose: 0 : 14028, 1, 2023/02/22, 13:56:08.845, 6189494093124, vstest.console.dll, TestPluginCache.DiscoverTestExtensions: finding test extensions in assemblies ends with: TestLogger.dll TPluginInfo: Microsoft.VisualStudio.TestPlatform.Common.ExtensionFramework.Utilities.TestLoggerPluginInformation TExtension: Microsoft.VisualStudio.TestPlatform.ObjectModel.Client.ITestLogger
TpTrace Verbose: 0 : 14028, 1, 2023/02/22, 13:56:08.846, 6189494096075, vstest.console.dll, TestPluginCache.GetExtensionPaths: Filtered extension paths: 
TpTrace Verbose: 0 : 14028, 1, 2023/02/22, 13:56:08.846, 6189494097377, vstest.console.dll, TestPluginCache.GetExtensionPaths: Added default extension paths: C:\Program Files\dotnet\sdk\7.0.100\Extensions\Microsoft.Diagnostics.NETCore.Client.dll
C:\Program Files\dotnet\sdk\7.0.100\Extensions\Microsoft.TestPlatform.Extensions.BlameDataCollector.dll
C:\Program Files\dotnet\sdk\7.0.100\Extensions\Microsoft.TestPlatform.Extensions.EventLogCollector.dll
C:\Program Files\dotnet\sdk\7.0.100\Extensions\Microsoft.TestPlatform.TestHostRuntimeProvider.dll
C:\Program Files\dotnet\sdk\7.0.100\Extensions\Microsoft.VisualStudio.TestPlatform.Extensions.Html.TestLogger.dll
C:\Program Files\dotnet\sdk\7.0.100\Extensions\Microsoft.VisualStudio.TestPlatform.Extensions.Trx.TestLogger.dll
TpTrace Verbose: 0 : 14028, 1, 2023/02/22, 13:56:08.846, 6189494098725, vstest.console.dll, TestPluginCache.GetExtensionPaths: Added unfilterableExtensionPaths: 
TpTrace Information: 0 : 14028, 1, 2023/02/22, 13:56:08.847, 6189494105961, vstest.console.dll, AssemblyResolver.AddSearchDirectories: Adding more searchDirectories C:\Program Files\dotnet\sdk\7.0.100\Extensions,C:\Program Files\dotnet\sdk\7.0.100
TpTrace Verbose: 0 : 14028, 1, 2023/02/22, 13:56:08.847, 6189494108429, vstest.console.dll, TestPluginCache.DiscoverTestExtensions: Discovering the extensions using extension path.
TpTrace Verbose: 0 : 14028, 1, 2023/02/22, 13:56:08.847, 6189494110028, vstest.console.dll, TestPluginCache.GetExtensionPaths: Filtered extension paths: 
TpTrace Verbose: 0 : 14028, 1, 2023/02/22, 13:56:08.847, 6189494111149, vstest.console.dll, TestPluginCache.GetExtensionPaths: Added default extension paths: C:\Program Files\dotnet\sdk\7.0.100\Extensions\Microsoft.Diagnostics.NETCore.Client.dll
C:\Program Files\dotnet\sdk\7.0.100\Extensions\Microsoft.TestPlatform.Extensions.BlameDataCollector.dll
C:\Program Files\dotnet\sdk\7.0.100\Extensions\Microsoft.TestPlatform.Extensions.EventLogCollector.dll
C:\Program Files\dotnet\sdk\7.0.100\Extensions\Microsoft.TestPlatform.TestHostRuntimeProvider.dll
C:\Program Files\dotnet\sdk\7.0.100\Extensions\Microsoft.VisualStudio.TestPlatform.Extensions.Html.TestLogger.dll
C:\Program Files\dotnet\sdk\7.0.100\Extensions\Microsoft.VisualStudio.TestPlatform.Extensions.Trx.TestLogger.dll
TpTrace Verbose: 0 : 14028, 1, 2023/02/22, 13:56:08.847, 6189494112217, vstest.console.dll, TestPluginCache.GetExtensionPaths: Added unfilterableExtensionPaths: 
TpTrace Verbose: 0 : 14028, 1, 2023/02/22, 13:56:08.847, 6189494113338, vstest.console.dll, TestPluginCache.DiscoverTestExtensions: Discovering the extensions using allExtensionPaths: C:\Program Files\dotnet\sdk\7.0.100\Extensions\Microsoft.Diagnostics.NETCore.Client.dll
C:\Program Files\dotnet\sdk\7.0.100\Extensions\Microsoft.TestPlatform.Extensions.BlameDataCollector.dll
C:\Program Files\dotnet\sdk\7.0.100\Extensions\Microsoft.TestPlatform.Extensions.EventLogCollector.dll
C:\Program Files\dotnet\sdk\7.0.100\Extensions\Microsoft.TestPlatform.TestHostRuntimeProvider.dll
C:\Program Files\dotnet\sdk\7.0.100\Extensions\Microsoft.VisualStudio.TestPlatform.Extensions.Html.TestLogger.dll
C:\Program Files\dotnet\sdk\7.0.100\Extensions\Microsoft.VisualStudio.TestPlatform.Extensions.Trx.TestLogger.dll
TpTrace Information: 0 : 14028, 1, 2023/02/22, 13:56:08.847, 6189494114978, vstest.console.dll, AssemblyResolver.AddSearchDirectories: Adding more searchDirectories C:\Program Files\dotnet\sdk\7.0.100\Extensions,C:\Program Files\dotnet\sdk\7.0.100
TpTrace Information: 0 : 14028, 1, 2023/02/22, 13:56:08.848, 6189494116376, vstest.console.dll, AssemblyResolver.AddSearchDirectories: Adding more searchDirectories C:\Program Files\dotnet\sdk\7.0.100\Extensions,C:\Program Files\dotnet\sdk\7.0.100
TpTrace Information: 0 : 14028, 1, 2023/02/22, 13:56:08.848, 6189494117555, vstest.console.dll, AssemblyResolver.AddSearchDirectories: Adding more searchDirectories C:\Program Files\dotnet\sdk\7.0.100\Extensions,C:\Program Files\dotnet\sdk\7.0.100
TpTrace Information: 0 : 14028, 1, 2023/02/22, 13:56:08.848, 6189494118792, vstest.console.dll, AssemblyResolver.AddSearchDirectories: Adding more searchDirectories C:\Program Files\dotnet\sdk\7.0.100\Extensions,C:\Program Files\dotnet\sdk\7.0.100
TpTrace Information: 0 : 14028, 1, 2023/02/22, 13:56:08.848, 6189494120003, vstest.console.dll, AssemblyResolver.AddSearchDirectories: Adding more searchDirectories C:\Program Files\dotnet\sdk\7.0.100\Extensions,C:\Program Files\dotnet\sdk\7.0.100
TpTrace Information: 0 : 14028, 1, 2023/02/22, 13:56:08.848, 6189494121101, vstest.console.dll, AssemblyResolver.AddSearchDirectories: Adding more searchDirectories C:\Program Files\dotnet\sdk\7.0.100\Extensions,C:\Program Files\dotnet\sdk\7.0.100
TpTrace Verbose: 0 : 14028, 1, 2023/02/22, 13:56:08.848, 6189494124617, vstest.console.dll, MetadataReaderExtensionsHelper: Discovering extensions inside assembly 'Microsoft.Diagnostics.NETCore.Client, Version=0.2.6.42401, Culture=neutral, PublicKeyToken=31bf3856ad364e35' file path 'C:\Program Files\dotnet\sdk\7.0.100\Extensions\Microsoft.Diagnostics.NETCore.Client.dll'
TpTrace Information: 0 : 14028, 1, 2023/02/22, 13:56:08.850, 6189494143015, vstest.console.dll, AssemblyResolver.OnResolve: Microsoft.Bcl.AsyncInterfaces: Resolving assembly.
TpTrace Information: 0 : 14028, 1, 2023/02/22, 13:56:08.850, 6189494144655, vstest.console.dll, AssemblyResolver.OnResolve: Microsoft.Bcl.AsyncInterfaces: Resolved from cache.
TpTrace Verbose: 0 : 14028, 1, 2023/02/22, 13:56:08.850, 6189494145681, vstest.console.dll, CurrentDomainAssemblyResolve: Resolving assembly 'Microsoft.Bcl.AsyncInterfaces'.
TpTrace Information: 0 : 14028, 1, 2023/02/22, 13:56:08.851, 6189494147203, vstest.console.dll, AssemblyResolver.OnResolve: Microsoft.Bcl.AsyncInterfaces: Resolving assembly.
TpTrace Information: 0 : 14028, 1, 2023/02/22, 13:56:08.851, 6189494148245, vstest.console.dll, AssemblyResolver.OnResolve: Microsoft.Bcl.AsyncInterfaces: Resolved from cache.
TpTrace Verbose: 0 : 14028, 1, 2023/02/22, 13:56:08.851, 6189494149469, vstest.console.dll, CurrentDomainAssemblyResolve: Resolving assembly 'Microsoft.Bcl.AsyncInterfaces'.
TpTrace Verbose: 0 : 14028, 1, 2023/02/22, 13:56:08.851, 6189494150449, vstest.console.dll, CurrentDomainAssemblyResolve: Failed to resolve assembly 'Microsoft.Bcl.AsyncInterfaces'.
TpTrace Verbose: 0 : 14028, 1, 2023/02/22, 13:56:08.851, 6189494154160, vstest.console.dll, CurrentDomainAssemblyResolve: Failed to resolve assembly 'Microsoft.Bcl.AsyncInterfaces'.
TpTrace Warning: 0 : 14028, 1, 2023/02/22, 13:56:08.852, 6189494163630, vstest.console.dll, TestPluginDiscoverer: Failed to get types from assembly 'Microsoft.Diagnostics.NETCore.Client, Version=0.2.6.42401, Culture=neutral, PublicKeyToken=31bf3856ad364e35'. Error: System.Reflection.ReflectionTypeLoadException: Unable to load one or more of the requested types.
Could not load file or assembly 'Microsoft.Bcl.AsyncInterfaces, Version=1.0.0.0, Culture=neutral, PublicKeyToken=cc7b13ffcd2ddd51'. O sistema não pode encontrar o arquivo especificado.
   at System.Reflection.RuntimeModule.GetTypes(RuntimeModule module)
   at System.Reflection.Assembly.GetTypes()
   at Microsoft.VisualStudio.TestPlatform.Common.ExtensionFramework.TestPluginDiscoverer.GetTestExtensionsFromAssembly[TPluginInfo,TExtension](Assembly assembly, Dictionary`2 pluginInfos, String filePath)
System.IO.FileNotFoundException: Could not load file or assembly 'Microsoft.Bcl.AsyncInterfaces, Version=1.0.0.0, Culture=neutral, PublicKeyToken=cc7b13ffcd2ddd51'. O sistema não pode encontrar o arquivo especificado.
File name: 'Microsoft.Bcl.AsyncInterfaces, Version=1.0.0.0, Culture=neutral, PublicKeyToken=cc7b13ffcd2ddd51'
 ---> System.IO.FileNotFoundException: Could not load file or assembly 'Microsoft.Bcl.AsyncInterfaces, Culture=neutral, PublicKeyToken=null'. O sistema não pode encontrar o arquivo especificado.
File name: 'Microsoft.Bcl.AsyncInterfaces, Culture=neutral, PublicKeyToken=null'
   at System.Reflection.RuntimeAssembly.InternalLoad(AssemblyName assemblyName, StackCrawlMark& stackMark, AssemblyLoadContext assemblyLoadContext, RuntimeAssembly requestingAssembly, Boolean throwOnFileNotFound)
   at System.Reflection.Assembly.Load(AssemblyName assemblyRef)
   at Microsoft.VisualStudio.TestPlatform.Common.ExtensionFramework.TestPluginCache.CurrentDomainAssemblyResolve(Object sender, AssemblyResolveEventArgs args)
   at System.Runtime.Loader.AssemblyLoadContext.GetFirstResolvedAssemblyFromResolvingEvent(AssemblyName assemblyName)
   at System.Runtime.Loader.AssemblyLoadContext.ResolveUsingEvent(AssemblyName assemblyName)
   at System.Runtime.Loader.AssemblyLoadContext.ResolveUsingResolvingEvent(IntPtr gchManagedAssemblyLoadContext, AssemblyName assemblyName)
TpTrace Warning: 0 : 14028, 1, 2023/02/22, 13:56:08.853, 6189494167450, vstest.console.dll, LoaderExceptions: System.IO.FileNotFoundException: Could not load file or assembly 'Microsoft.Bcl.AsyncInterfaces, Version=1.0.0.0, Culture=neutral, PublicKeyToken=cc7b13ffcd2ddd51'. O sistema não pode encontrar o arquivo especificado.
File name: 'Microsoft.Bcl.AsyncInterfaces, Version=1.0.0.0, Culture=neutral, PublicKeyToken=cc7b13ffcd2ddd51'
 ---> System.IO.FileNotFoundException: Could not load file or assembly 'Microsoft.Bcl.AsyncInterfaces, Culture=neutral, PublicKeyToken=null'. O sistema não pode encontrar o arquivo especificado.
File name: 'Microsoft.Bcl.AsyncInterfaces, Culture=neutral, PublicKeyToken=null'
   at System.Reflection.RuntimeAssembly.InternalLoad(AssemblyName assemblyName, StackCrawlMark& stackMark, AssemblyLoadContext assemblyLoadContext, RuntimeAssembly requestingAssembly, Boolean throwOnFileNotFound)
   at System.Reflection.Assembly.Load(AssemblyName assemblyRef)
   at Microsoft.VisualStudio.TestPlatform.Common.ExtensionFramework.TestPluginCache.CurrentDomainAssemblyResolve(Object sender, AssemblyResolveEventArgs args)
   at System.Runtime.Loader.AssemblyLoadContext.GetFirstResolvedAssemblyFromResolvingEvent(AssemblyName assemblyName)
   at System.Runtime.Loader.AssemblyLoadContext.ResolveUsingEvent(AssemblyName assemblyName)
   at System.Runtime.Loader.AssemblyLoadContext.ResolveUsingResolvingEvent(IntPtr gchManagedAssemblyLoadContext, AssemblyName assemblyName)
TpTrace Verbose: 0 : 14028, 1, 2023/02/22, 13:56:08.853, 6189494169800, vstest.console.dll, MetadataReaderExtensionsHelper: Discovering extensions inside assembly 'Microsoft.TestPlatform.Extensions.BlameDataCollector, Version=15.0.0.0, Culture=neutral, PublicKeyToken=b03f5f7f11d50a3a' file path 'C:\Program Files\dotnet\sdk\7.0.100\Extensions\Microsoft.TestPlatform.Extensions.BlameDataCollector.dll'
TpTrace Information: 0 : 14028, 1, 2023/02/22, 13:56:08.855, 6189494187320, vstest.console.dll, GetTestExtensionFromType: Register extension with identifier data 'logger://Microsoft/TestPlatform/Extensions/Blame/v1' and type 'Microsoft.TestPlatform.Extensions.BlameDataCollector.BlameLogger, Microsoft.TestPlatform.Extensions.BlameDataCollector, Version=15.0.0.0, Culture=neutral, PublicKeyToken=b03f5f7f11d50a3a' inside file 'C:\Program Files\dotnet\sdk\7.0.100\Extensions\Microsoft.TestPlatform.Extensions.BlameDataCollector.dll'
TpTrace Verbose: 0 : 14028, 1, 2023/02/22, 13:56:08.855, 6189494189590, vstest.console.dll, MetadataReaderExtensionsHelper: Discovering extensions inside assembly 'Microsoft.TestPlatform.Extensions.EventLogCollector, Version=15.0.0.0, Culture=neutral, PublicKeyToken=b03f5f7f11d50a3a' file path 'C:\Program Files\dotnet\sdk\7.0.100\Extensions\Microsoft.TestPlatform.Extensions.EventLogCollector.dll'
TpTrace Verbose: 0 : 14028, 1, 2023/02/22, 13:56:08.856, 6189494202713, vstest.console.dll, MetadataReaderExtensionsHelper: Discovering extensions inside assembly 'Microsoft.TestPlatform.TestHostRuntimeProvider, Version=15.0.0.0, Culture=neutral, PublicKeyToken=b03f5f7f11d50a3a' file path 'C:\Program Files\dotnet\sdk\7.0.100\Extensions\Microsoft.TestPlatform.TestHostRuntimeProvider.dll'
TpTrace Verbose: 0 : 14028, 1, 2023/02/22, 13:56:08.857, 6189494215498, vstest.console.dll, MetadataReaderExtensionsHelper: Discovering extensions inside assembly 'Microsoft.VisualStudio.TestPlatform.Extensions.Html.TestLogger, Version=15.0.0.0, Culture=neutral, PublicKeyToken=b03f5f7f11d50a3a' file path 'C:\Program Files\dotnet\sdk\7.0.100\Extensions\Microsoft.VisualStudio.TestPlatform.Extensions.Html.TestLogger.dll'
TpTrace Information: 0 : 14028, 1, 2023/02/22, 13:56:08.859, 6189494234440, vstest.console.dll, GetTestExtensionFromType: Register extension with identifier data 'logger://Microsoft/TestPlatform/HtmlLogger/v1' and type 'Microsoft.VisualStudio.TestPlatform.Extensions.HtmlLogger.HtmlLogger, Microsoft.VisualStudio.TestPlatform.Extensions.Html.TestLogger, Version=15.0.0.0, Culture=neutral, PublicKeyToken=b03f5f7f11d50a3a' inside file 'C:\Program Files\dotnet\sdk\7.0.100\Extensions\Microsoft.VisualStudio.TestPlatform.Extensions.Html.TestLogger.dll'
TpTrace Verbose: 0 : 14028, 1, 2023/02/22, 13:56:08.860, 6189494236553, vstest.console.dll, MetadataReaderExtensionsHelper: Discovering extensions inside assembly 'Microsoft.VisualStudio.TestPlatform.Extensions.Trx.TestLogger, Version=15.0.0.0, Culture=neutral, PublicKeyToken=b03f5f7f11d50a3a' file path 'C:\Program Files\dotnet\sdk\7.0.100\Extensions\Microsoft.VisualStudio.TestPlatform.Extensions.Trx.TestLogger.dll'
TpTrace Information: 0 : 14028, 1, 2023/02/22, 13:56:08.861, 6189494252454, vstest.console.dll, GetTestExtensionFromType: Register extension with identifier data 'logger://Microsoft/TestPlatform/TrxLogger/v1' and type 'Microsoft.VisualStudio.TestPlatform.Extensions.TrxLogger.TrxLogger, Microsoft.VisualStudio.TestPlatform.Extensions.Trx.TestLogger, Version=15.0.0.0, Culture=neutral, PublicKeyToken=b03f5f7f11d50a3a' inside file 'C:\Program Files\dotnet\sdk\7.0.100\Extensions\Microsoft.VisualStudio.TestPlatform.Extensions.Trx.TestLogger.dll'
TpTrace Verbose: 0 : 14028, 1, 2023/02/22, 13:56:08.862, 6189494256266, vstest.console.dll, TestPluginCache: Discovered the extensions using extension path ''.
TpTrace Verbose: 0 : 14028, 1, 2023/02/22, 13:56:08.862, 6189494257503, vstest.console.dll, TestPluginCache: Discoverers are ''.
TpTrace Verbose: 0 : 14028, 1, 2023/02/22, 13:56:08.862, 6189494258454, vstest.console.dll, TestPluginCache: Executors are ''.
TpTrace Verbose: 0 : 14028, 1, 2023/02/22, 13:56:08.862, 6189494260337, vstest.console.dll, TestPluginCache: Executors2 are ''.
TpTrace Verbose: 0 : 14028, 1, 2023/02/22, 13:56:08.862, 6189494262548, vstest.console.dll, TestPluginCache: Setting providers are ''.
TpTrace Verbose: 0 : 14028, 1, 2023/02/22, 13:56:08.863, 6189494265983, vstest.console.dll, TestPluginCache: Loggers are 'logger://Microsoft/TestPlatform/Extensions/Blame/v1,logger://Microsoft/TestPlatform/HtmlLogger/v1,logger://Microsoft/TestPlatform/TrxLogger/v1'.
TpTrace Verbose: 0 : 14028, 1, 2023/02/22, 13:56:08.863, 6189494267703, vstest.console.dll, TestPluginCache: TestHosts are 'HostProvider://DefaultTestHost,HostProvider://DotnetTestHost'.
TpTrace Verbose: 0 : 14028, 1, 2023/02/22, 13:56:08.863, 6189494269221, vstest.console.dll, TestPluginCache: DataCollectors are ''.
TpTrace Information: 0 : 14028, 1, 2023/02/22, 13:56:08.866, 6189494301438, vstest.console.dll, TestPluginManager.CreateTestExtension: Attempting to load test extension: Microsoft.TestPlatform.Extensions.BlameDataCollector.BlameLogger
TpTrace Verbose: 0 : 14028, 1, 2023/02/22, 13:56:08.889, 6189494530025, vstest.console.dll, TestEngine: Initializing Parallel Execution as MaxCpuCount is set to: 1
TpTrace Information: 0 : 14028, 1, 2023/02/22, 13:56:08.896, 6189494597901, vstest.console.dll, TestPluginManager.CreateTestExtension: Attempting to load test extension: Microsoft.VisualStudio.TestPlatform.CrossPlatEngine.Hosting.DefaultTestHostManager
TpTrace Information: 0 : 14028, 1, 2023/02/22, 13:56:08.899, 6189494632253, vstest.console.dll, TestPluginManager.CreateTestExtension: Attempting to load test extension: Microsoft.VisualStudio.TestPlatform.CrossPlatEngine.Hosting.DotnetTestHostManager
TpTrace Information: 0 : 14028, 1, 2023/02/22, 13:56:08.902, 6189494660101, vstest.console.dll, InferRunSettingsHelper.IsTestSettingsEnabled: Unable to navigate to RunSettings/MSTest. Current node: RunSettings
TpTrace Verbose: 0 : 14028, 1, 2023/02/22, 13:56:08.917, 6189494808527, vstest.console.dll, TestEngine.GetExecutionManager: Chosen execution manager 'Microsoft.VisualStudio.TestPlatform.CrossPlatEngine.Client.Parallel.ParallelProxyExecutionManager, Microsoft.TestPlatform.CrossPlatEngine, Version=15.0.0.0, Culture=neutral, PublicKeyToken=b03f5f7f11d50a3a' ParallelLevel '1'.
TpTrace Verbose: 0 : 14028, 1, 2023/02/22, 13:56:08.917, 6189494813045, vstest.console.dll, TestRunRequest.ExecuteAsync: Creating test run request.
TpTrace Verbose: 0 : 14028, 1, 2023/02/22, 13:56:08.918, 6189494820724, vstest.console.dll, TestRunRequest.ExecuteAsync: Starting.
TpTrace Information: 0 : 14028, 1, 2023/02/22, 13:56:08.919, 6189494829144, vstest.console.dll, TestRunRequest.ExecuteAsync: Starting run with settings:TestRunCriteria:
   KeepAlive=False,FrequencyOfRunStatsChangeEvent=10,RunStatsChangeEventTimeout=00:00:01.5000000,TestCaseFilter=,TestExecutorLauncher=
   Settingsxml=<RunSettings>
  <RunConfiguration>
    <ResultsDirectory>C:\Repositorio\Desafios\b3\B3.Desafio\tests\b3.Desafio.WebApi.Tests\bin\Debug\net6.0\fine-code-coverage\coverage-tool-output</ResultsDirectory>
    <TargetPlatform>X64</TargetPlatform>
    <TargetFrameworkVersion>.NETCoreApp,Version=v6.0</TargetFrameworkVersion>
    <DesignMode>False</DesignMode>
    <CollectSourceInformation>False</CollectSourceInformation>
  </RunConfiguration>
  <LoggerRunSettings>
    <Loggers>
      <Logger friendlyName="blame" enabled="True" />
      <Logger friendlyName="Console" uri="logger://microsoft/TestPlatform/ConsoleLogger/v1" assemblyQualifiedName="Microsoft.VisualStudio.TestPlatform.CommandLine.Internal.ConsoleLogger, vstest.console, Version=15.0.0.0, Culture=neutral, PublicKeyToken=b03f5f7f11d50a3a" codeBase="C:\Program Files\dotnet\sdk\7.0.100\vstest.console.dll" enabled="True" />
    </Loggers>
  </LoggerRunSettings>
  <DataCollectionRunSettings>
    <DataCollectors>
      <DataCollector friendlyName="blame" enabled="True">
        <Configuration>
          <ResultsDirectory>C:\Repositorio\Desafios\b3\B3.Desafio\tests\b3.Desafio.WebApi.Tests\bin\Debug\net6.0\fine-code-coverage\coverage-tool-output</ResultsDirectory>
        </Configuration>
      </DataCollector>
    </DataCollectors>
  </DataCollectionRunSettings>
</RunSettings>

TpTrace Verbose: 0 : 14028, 1, 2023/02/22, 13:56:08.919, 6189494830721, vstest.console.dll, TestRunRequest.ExecuteAsync: Wait for the first run request is over.
TpTrace Verbose: 0 : 14028, 1, 2023/02/22, 13:56:08.920, 6189494839569, vstest.console.dll, MulticastDelegateUtilities.SafeInvoke: TestRun.TestRunStart: Invoking callbacks was skipped because there are no subscribers.
TpTrace Verbose: 0 : 14028, 4, 2023/02/22, 13:56:08.921, 6189494849792, vstest.console.dll, MulticastDelegateUtilities.SafeInvoke: InternalTestLoggerEvents.SendTestRunStart: Invoking callback 1/1 for Microsoft.VisualStudio.TestPlatform.CommandLine.Internal.ConsoleLogger., took 0 ms.
TpTrace Verbose: 0 : 14028, 1, 2023/02/22, 13:56:08.925, 6189494894051, vstest.console.dll, ParallelProxyExecutionManager: Start execution. Total sources: 1
TpTrace Verbose: 0 : 14028, 1, 2023/02/22, 13:56:08.938, 6189495019200, vstest.console.dll, TestRequestSender is acting as server.
TpTrace Verbose: 0 : 14028, 1, 2023/02/22, 13:56:08.945, 6189495094444, vstest.console.dll, DataCollectionRequestSender.InitializeCommunication : Initialize communication. 
TpTrace Information: 0 : 14028, 1, 2023/02/22, 13:56:08.960, 6189495239664, vstest.console.dll, Listening on Endpoint : 127.0.0.1:54611
TpTrace Verbose: 0 : 14028, 1, 2023/02/22, 13:56:08.987, 6189495513474, vstest.console.dll, DotnetDataCollectionLauncher: Adding  --runtimeconfig "C:\Program Files\dotnet\sdk\7.0.100\datacollector.runtimeconfig.json" in args
TpTrace Verbose: 0 : 14028, 1, 2023/02/22, 13:56:08.988, 6189495517112, vstest.console.dll, DotnetDataCollectionLauncher: Adding  --depsfile "C:\Program Files\dotnet\sdk\7.0.100\datacollector.deps.json" in args
TpTrace Verbose: 0 : 14028, 1, 2023/02/22, 13:56:08.988, 6189495523577, vstest.console.dll, DotnetDataCollectionLauncher: Full path of dotnet.exe is C:\Program Files\dotnet\dotnet.exe
TpTrace Information: 0 : 14028, 1, 2023/02/22, 13:56:09.063, 6189496272105, vstest.console.dll, ProxyDataCollectionManager.Initialize: Launched datacollector processId: 8688 port: 54611
TpTrace Information: 0 : 14028, 1, 2023/02/22, 13:56:09.064, 6189496276148, vstest.console.dll, ProxyDataCollectionManager.Initialize: waiting for connection with timeout: 90 seconds
TpTrace Verbose: 0 : 14028, 1, 2023/02/22, 13:56:09.064, 6189496278118, vstest.console.dll, DataCollectionRequestSender.WaitForRequestHandlerConnection : Waiting for connection with timeout: 90000
TpTrace Information: 0 : 14028, 7, 2023/02/22, 13:56:09.609, 6189501734091, vstest.console.dll, Using the buffer size of 16384 bytes
TpTrace Verbose: 0 : 14028, 1, 2023/02/22, 13:56:09.609, 6189501734300, vstest.console.dll, SocketCommunicationManager.WaitForClientConnection took: 545 ms, with 90000 ms timeout, and finished with True.
TpTrace Information: 0 : 14028, 7, 2023/02/22, 13:56:09.610, 6189501738228, vstest.console.dll, Accepted Client request and set the flag
TpTrace Verbose: 0 : 14028, 1, 2023/02/22, 13:56:09.610, 6189501742114, vstest.console.dll, ProxyDataCollectionManager.InvokeDataCollectionServiceAction: Starting.
TpTrace Information: 0 : 14028, 1, 2023/02/22, 13:56:09.610, 6189501745555, vstest.console.dll, ProxyDataCollectionManager.BeforeTestRunStart: Get environment variable and port for datacollector processId: 8688 port: 54611
TpTrace Verbose: 0 : 14028, 1, 2023/02/22, 13:56:09.612, 6189501757224, vstest.console.dll, DataCollectionRequestSender.SendBeforeTestRunStartAndGetResult: Send BeforeTestRunStart message with settingsXml <RunSettings><RunConfiguration><ResultsDirectory>C:\Repositorio\Desafios\b3\B3.Desafio\tests\b3.Desafio.WebApi.Tests\bin\Debug\net6.0\fine-code-coverage\coverage-tool-output</ResultsDirectory><TargetPlatform>X64</TargetPlatform><TargetFrameworkVersion>.NETCoreApp,Version=v6.0</TargetFrameworkVersion><DesignMode>False</DesignMode><CollectSourceInformation>False</CollectSourceInformation><TestAdaptersPaths>C:\Program Files\dotnet\sdk\7.0.100\Extensions</TestAdaptersPaths></RunConfiguration><LoggerRunSettings><Loggers><Logger friendlyName="blame" enabled="True" /><Logger friendlyName="Console" uri="logger://microsoft/TestPlatform/ConsoleLogger/v1" assemblyQualifiedName="Microsoft.VisualStudio.TestPlatform.CommandLine.Internal.ConsoleLogger, vstest.console, Version=15.0.0.0, Culture=neutral, PublicKeyToken=b03f5f7f11d50a3a" codeBase="C:\Program Files\dotnet\sdk\7.0.100\vstest.console.dll" enabled="True" /></Loggers></LoggerRunSettings><DataCollectionRunSettings><DataCollectors><DataCollector friendlyName="blame" enabled="True"><Configuration><ResultsDirectory>C:\Repositorio\Desafios\b3\B3.Desafio\tests\b3.Desafio.WebApi.Tests\bin\Debug\net6.0\fine-code-coverage\coverage-tool-output</ResultsDirectory></Configuration></DataCollector></DataCollectors></DataCollectionRunSettings></RunSettings> and sources System.Collections.Generic.List`1[System.String]: 
TpTrace Verbose: 0 : 14028, 1, 2023/02/22, 13:56:09.954, 6189505180210, vstest.console.dll, DataCollectionRequestSender.SendBeforeTestRunStartAndGetResult: Received message: (DataCollection.SendMessage) -> {"MessageType":"DataCollection.SendMessage","Payload":{"FriendlyName":null,"Uri":null,"TestCaseId":"00000000-0000-0000-0000-000000000000","Message":"Logging DataCollector Diagnostics in file: C:\\Repositorio\\Desafios\\b3\\B3.Desafio\\tests\\b3.Desafio.WebApi.Tests\\bin\\Debug\\net6.0\\fine-code-coverage\\coverage-tool-output\\diagnostics.datacollector.23-02-22_13-56-08_98680_1.log","Level":0}}
TpTrace Verbose: 0 : 14028, 1, 2023/02/22, 13:56:10.231, 6189507952706, vstest.console.dll, DataCollectionRequestSender.SendBeforeTestRunStartAndGetResult: Received message: (DataCollection.BeforeTestRunStartResult) -> {"MessageType":"DataCollection.BeforeTestRunStartResult","Payload":{"EnvironmentVariables":{},"DataCollectionEventsPort":54613}}
TpTrace Information: 0 : 14028, 1, 2023/02/22, 13:56:10.250, 6189508143317, vstest.console.dll, ProxyDataCollectionManager.BeforeTestRunStart: SendBeforeTestRunStartAndGetResult successful, env variable from datacollector:   and testhost port: 54613
TpTrace Information: 0 : 14028, 1, 2023/02/22, 13:56:10.251, 6189508145908, vstest.console.dll, ProxyDataCollectionManager.InvokeDataCollectionServiceAction: Completed.
TpTrace Verbose: 0 : 14028, 7, 2023/02/22, 13:56:10.251, 6189508149292, vstest.console.dll, ParallelProxyExecutionManager: Execution started. Started clients: 1
TpTrace Verbose: 0 : 14028, 1, 2023/02/22, 13:56:10.251, 6189508151384, vstest.console.dll, ProxyParallelExecutionManager: No sources available for execution.
TpTrace Information: 0 : 14028, 1, 2023/02/22, 13:56:10.251, 6189508153939, vstest.console.dll, TestRunRequest.ExecuteAsync: Started.
TpTrace Verbose: 0 : 14028, 1, 2023/02/22, 13:56:10.252, 6189508157267, vstest.console.dll, TestRunRequest.WaitForCompletion: Waiting with timeout -1.
TpTrace Verbose: 0 : 14028, 7, 2023/02/22, 13:56:10.252, 6189508159030, vstest.console.dll, TestRunRequest:SendTestRunMessage: Starting.
TpTrace Verbose: 0 : 14028, 7, 2023/02/22, 13:56:10.252, 6189508163376, vstest.console.dll, MulticastDelegateUtilities.SafeInvoke: TestRun.LogMessages: Invoking callback 1/1 for Microsoft.VisualStudio.TestPlatform.CommandLine.TestRunResultAggregator., took 0 ms.
TpTrace Information: 0 : 14028, 7, 2023/02/22, 13:56:10.252, 6189508164614, vstest.console.dll, TestRunRequest:SendTestRunMessage: Completed.
TpTrace Verbose: 0 : 14028, 7, 2023/02/22, 13:56:10.253, 6189508168868, vstest.console.dll, ProxyExecutionManager: Test host is always Lazy initialize.
TpTrace Verbose: 0 : 14028, 4, 2023/02/22, 13:56:10.253, 6189508171540, vstest.console.dll, MulticastDelegateUtilities.SafeInvoke: InternalTestLoggerEvents.SendTestRunMessage: Invoking callback 1/1 for Microsoft.VisualStudio.TestPlatform.CommandLine.Internal.ConsoleLogger., took 0 ms.
TpTrace Verbose: 0 : 14028, 7, 2023/02/22, 13:56:10.254, 6189508178193, vstest.console.dll, TestRequestSender.InitializeCommunication: initialize communication. 
TpTrace Information: 0 : 14028, 7, 2023/02/22, 13:56:10.255, 6189508191425, vstest.console.dll, SocketServer.Start: Listening on endpoint : 127.0.0.1:54614
TpTrace Verbose: 0 : 14028, 7, 2023/02/22, 13:56:10.260, 6189508236036, vstest.console.dll, DotnetTestHostmanager.GetTestHostProcessStartInfo: Platform environment 'X64' target architecture 'X64' framework '.NETCoreApp,Version=v6.0' OS 'Windows'
TpTrace Verbose: 0 : 14028, 7, 2023/02/22, 13:56:10.260, 6189508243226, vstest.console.dll, DotnetTestHostmanager: Adding  --runtimeconfig "C:\Repositorio\Desafios\b3\B3.Desafio\tests\b3.Desafio.WebApi.Tests\bin\Debug\net6.0\fine-code-coverage\build-output\b3.Desafio.WebApi.Tests.runtimeconfig.json" in args
TpTrace Verbose: 0 : 14028, 7, 2023/02/22, 13:56:10.261, 6189508246899, vstest.console.dll, DotnetTestHostmanager: Adding  --depsfile "C:\Repositorio\Desafios\b3\B3.Desafio\tests\b3.Desafio.WebApi.Tests\bin\Debug\net6.0\fine-code-coverage\build-output\b3.Desafio.WebApi.Tests.deps.json" in args
TpTrace Verbose: 0 : 14028, 7, 2023/02/22, 13:56:10.261, 6189508253860, vstest.console.dll, DotnetTestHostmanager.IsWinOnArm: Current PROCESSOR_ARCHITECTURE from environment variable 'AMD64'
TpTrace Verbose: 0 : 14028, 7, 2023/02/22, 13:56:10.261, 6189508255721, vstest.console.dll, DotnetTestHostmanager.IsWinOnArm: Is Windows on ARM 'False'
TpTrace Verbose: 0 : 14028, 7, 2023/02/22, 13:56:10.262, 6189508258966, vstest.console.dll, DotnetTestHostManager: testhost.exe found at path: C:\Repositorio\Desafios\b3\B3.Desafio\tests\b3.Desafio.WebApi.Tests\bin\Debug\net6.0\fine-code-coverage\build-output\testhost.exe
TpTrace Verbose: 0 : 14028, 7, 2023/02/22, 13:56:10.262, 6189508260656, vstest.console.dll, DotnetTestHostmanager: Full path of host exe is C:\Repositorio\Desafios\b3\B3.Desafio\tests\b3.Desafio.WebApi.Tests\bin\Debug\net6.0\fine-code-coverage\build-output\testhost.exe
TpTrace Verbose: 0 : 14028, 7, 2023/02/22, 13:56:10.262, 6189508264440, vstest.console.dll, DotnetTestHostmanager.LaunchTestHostAsync: Found 'VSTEST_WINAPPHOST_DOTNET_ROOT' in env variables, value 'C:\Program Files\dotnet', forwarding to 'DOTNET_ROOT'
TpTrace Verbose: 0 : 14028, 7, 2023/02/22, 13:56:10.263, 6189508271167, vstest.console.dll, DotnetTestHostManager: Starting process 'C:\Repositorio\Desafios\b3\B3.Desafio\tests\b3.Desafio.WebApi.Tests\bin\Debug\net6.0\fine-code-coverage\build-output\testhost.exe' with command line ' --runtimeconfig "C:\Repositorio\Desafios\b3\B3.Desafio\tests\b3.Desafio.WebApi.Tests\bin\Debug\net6.0\fine-code-coverage\build-output\b3.Desafio.WebApi.Tests.runtimeconfig.json" --depsfile "C:\Repositorio\Desafios\b3\B3.Desafio\tests\b3.Desafio.WebApi.Tests\bin\Debug\net6.0\fine-code-coverage\build-output\b3.Desafio.WebApi.Tests.deps.json" --port 54614 --endpoint 127.0.0.1:054614 --role client --parentprocessid 14028 --diag "C:\Repositorio\Desafios\b3\B3.Desafio\tests\b3.Desafio.WebApi.Tests\bin\Debug\net6.0\fine-code-coverage\coverage-tool-output\diagnostics.host.23-02-22_13-56-10_25777_7.log" --tracelevel 4 --datacollectionport 54613 --telemetryoptedin false'
TpTrace Verbose: 0 : 14028, 7, 2023/02/22, 13:56:10.289, 6189508526303, vstest.console.dll, MulticastDelegateUtilities.SafeInvoke: HostProviderEvents.OnHostLaunched: Invoking callback 1/2 for Microsoft.VisualStudio.TestPlatform.CrossPlatEngine.Client.ProxyExecutionManagerWithDataCollection., took 4 ms.
TpTrace Verbose: 0 : 14028, 7, 2023/02/22, 13:56:10.290, 6189508537193, vstest.console.dll, Test Runtime launched
TpTrace Verbose: 0 : 14028, 7, 2023/02/22, 13:56:10.290, 6189508540464, vstest.console.dll, MulticastDelegateUtilities.SafeInvoke: HostProviderEvents.OnHostLaunched: Invoking callback 2/2 for Microsoft.VisualStudio.TestPlatform.CrossPlatEngine.Client.ProxyOperationManager., took 1 ms.
TpTrace Verbose: 0 : 14028, 7, 2023/02/22, 13:56:10.291, 6189508545997, vstest.console.dll, TestRequestSender.WaitForRequestHandlerConnection: waiting for connection with timeout: 90000.
TpTrace Verbose: 0 : 14028, 7, 2023/02/22, 13:56:11.051, 6189516147826, vstest.console.dll, TestRequestSender.WaitForRequestHandlerConnection: waiting took 760 ms, with timeout 90000 ms, and result 0, which is success.
TpTrace Verbose: 0 : 14028, 11, 2023/02/22, 13:56:11.051, 6189516147973, vstest.console.dll, MulticastDelegateUtilities.SafeInvoke: SocketServer: ClientConnected: Invoking callback 1/1 for Microsoft.VisualStudio.TestPlatform.CommunicationUtilities.TestRequestSender., took 0 ms.
TpTrace Verbose: 0 : 14028, 11, 2023/02/22, 13:56:11.051, 6189516153008, vstest.console.dll, SocketServer.OnClientConnected: Client connected for endPoint: 127.0.0.1:54614, starting MessageLoopAsync:
TpTrace Verbose: 0 : 14028, 11, 2023/02/22, 13:56:11.052, 6189516159619, vstest.console.dll, TcpClientExtensions.MessageLoopAsync: Polling on remoteEndPoint: 127.0.0.1:54615 localEndPoint: 127.0.0.1:54614
TpTrace Verbose: 0 : 14028, 7, 2023/02/22, 13:56:11.055, 6189516191502, vstest.console.dll, TestRequestSender.CheckVersionWithTestHost: Sending check version message: {"MessageType":"ProtocolVersion","Payload":7}
TpTrace Verbose: 0 : 14028, 11, 2023/02/22, 13:56:11.763, 6189523270905, vstest.console.dll, TcpClientExtensions.MessageLoopAsync: NotifyDataAvailable remoteEndPoint: 127.0.0.1:54615 localEndPoint: 127.0.0.1:54614
TpTrace Verbose: 0 : 14028, 11, 2023/02/22, 13:56:11.763, 6189523275813, vstest.console.dll, TestRequestSender.CheckVersionWithTestHost: onMessageReceived received message: (ProtocolVersion) -> {"MessageType":"ProtocolVersion","Payload":7}
TpTrace Verbose: 0 : 14028, 11, 2023/02/22, 13:56:11.766, 6189523301830, vstest.console.dll, MulticastDelegateUtilities.SafeInvoke: LengthPrefixCommunicationChannel: MessageReceived: Invoking callback 1/1 for Microsoft.VisualStudio.TestPlatform.CommunicationUtilities.TestRequestSender+<>c__DisplayClass26_0., took 2 ms.
TpTrace Verbose: 0 : 14028, 7, 2023/02/22, 13:56:11.766, 6189523304856, vstest.console.dll, TestPluginCache.GetExtensionPaths: Filtered extension paths: 
TpTrace Verbose: 0 : 14028, 11, 2023/02/22, 13:56:11.766, 6189523305018, vstest.console.dll, TcpClientExtensions.MessageLoopAsync: Polling on remoteEndPoint: 127.0.0.1:54615 localEndPoint: 127.0.0.1:54614
TpTrace Verbose: 0 : 14028, 7, 2023/02/22, 13:56:11.767, 6189523307127, vstest.console.dll, TestPluginCache.GetExtensionPaths: Added default extension paths: C:\Program Files\dotnet\sdk\7.0.100\Extensions\Microsoft.Diagnostics.NETCore.Client.dll
C:\Program Files\dotnet\sdk\7.0.100\Extensions\Microsoft.TestPlatform.Extensions.BlameDataCollector.dll
C:\Program Files\dotnet\sdk\7.0.100\Extensions\Microsoft.TestPlatform.Extensions.EventLogCollector.dll
C:\Program Files\dotnet\sdk\7.0.100\Extensions\Microsoft.TestPlatform.TestHostRuntimeProvider.dll
C:\Program Files\dotnet\sdk\7.0.100\Extensions\Microsoft.VisualStudio.TestPlatform.Extensions.Html.TestLogger.dll
C:\Program Files\dotnet\sdk\7.0.100\Extensions\Microsoft.VisualStudio.TestPlatform.Extensions.Trx.TestLogger.dll
TpTrace Verbose: 0 : 14028, 7, 2023/02/22, 13:56:11.767, 6189523310702, vstest.console.dll, TestPluginCache.GetExtensionPaths: Added unfilterableExtensionPaths: 
TpTrace Verbose: 0 : 14028, 7, 2023/02/22, 13:56:11.783, 6189523475096, vstest.console.dll, TestRequestSender.InitializeExecution: Sending initialize execution with message: {"Version":7,"MessageType":"TestExecution.Initialize","Payload":["C:\\Repositorio\\Desafios\\b3\\B3.Desafio\\tests\\b3.Desafio.WebApi.Tests\\bin\\Debug\\net6.0\\fine-code-coverage\\build-output\\xunit.runner.visualstudio.dotnetcore.testadapter.dll"]}
TpTrace Warning: 0 : 14028, 7, 2023/02/22, 13:56:11.785, 6189523491732, vstest.console.dll, InferRunSettingsHelper.MakeRunsettingsCompatible: Removing the following settings: TargetPlatform from RunSettings file. To use those settings please move to latest version of Microsoft.NET.Test.Sdk
TpTrace Verbose: 0 : 14028, 11, 2023/02/22, 13:56:11.789, 6189523531766, vstest.console.dll, TcpClientExtensions.MessageLoopAsync: NotifyDataAvailable remoteEndPoint: 127.0.0.1:54615 localEndPoint: 127.0.0.1:54614
TpTrace Verbose: 0 : 14028, 11, 2023/02/22, 13:56:11.791, 6189523546923, vstest.console.dll, TestRequestSender.OnExecutionMessageReceived: Received message: {"Version":7,"MessageType":"TestSession.Message","Payload":{"MessageLevel":0,"Message":"Logging TestHost Diagnostics in file: C:\\Repositorio\\Desafios\\b3\\B3.Desafio\\tests\\b3.Desafio.WebApi.Tests\\bin\\Debug\\net6.0\\fine-code-coverage\\coverage-tool-output\\diagnostics.host.23-02-22_13-56-10_25777_7.log"}}
TpTrace Verbose: 0 : 14028, 11, 2023/02/22, 13:56:11.801, 6189523655342, vstest.console.dll, TestRunRequest:SendTestRunMessage: Starting.
TpTrace Verbose: 0 : 14028, 11, 2023/02/22, 13:56:11.802, 6189523660721, vstest.console.dll, MulticastDelegateUtilities.SafeInvoke: TestRun.LogMessages: Invoking callback 1/1 for Microsoft.VisualStudio.TestPlatform.CommandLine.TestRunResultAggregator., took 0 ms.
TpTrace Verbose: 0 : 14028, 4, 2023/02/22, 13:56:11.802, 6189523661075, vstest.console.dll, MulticastDelegateUtilities.SafeInvoke: InternalTestLoggerEvents.SendTestRunMessage: Invoking callback 1/1 for Microsoft.VisualStudio.TestPlatform.CommandLine.Internal.ConsoleLogger., took 0 ms.
TpTrace Information: 0 : 14028, 11, 2023/02/22, 13:56:11.802, 6189523664267, vstest.console.dll, TestRunRequest:SendTestRunMessage: Completed.
TpTrace Verbose: 0 : 14028, 11, 2023/02/22, 13:56:11.803, 6189523667984, vstest.console.dll, MulticastDelegateUtilities.SafeInvoke: LengthPrefixCommunicationChannel: MessageReceived: Invoking callback 1/1 for Microsoft.VisualStudio.TestPlatform.CommunicationUtilities.TestRequestSender+<>c__DisplayClass31_0., took 12 ms.
TpTrace Verbose: 0 : 14028, 11, 2023/02/22, 13:56:11.803, 6189523669051, vstest.console.dll, TcpClientExtensions.MessageLoopAsync: Polling on remoteEndPoint: 127.0.0.1:54615 localEndPoint: 127.0.0.1:54614
TpTrace Verbose: 0 : 14028, 7, 2023/02/22, 13:56:11.814, 6189523778657, vstest.console.dll, TestRequestSender.StartTestRun: Sending test run with message: {"Version":7,"MessageType":"TestExecution.StartWithSources","Payload":{"AdapterSourceMap":{"_none_":["C:\\Repositorio\\Desafios\\b3\\B3.Desafio\\tests\\b3.Desafio.WebApi.Tests\\bin\\Debug\\net6.0\\fine-code-coverage\\build-output\\b3.Desafio.WebApi.Tests.dll"]},"RunSettings":"<RunSettings>\r\n  <RunConfiguration>\r\n    <ResultsDirectory>C:\\Repositorio\\Desafios\\b3\\B3.Desafio\\tests\\b3.Desafio.WebApi.Tests\\bin\\Debug\\net6.0\\fine-code-coverage\\coverage-tool-output</ResultsDirectory>\r\n    <TargetFrameworkVersion>.NETCoreApp,Version=v6.0</TargetFrameworkVersion>\r\n    <DesignMode>False</DesignMode>\r\n    <CollectSourceInformation>False</CollectSourceInformation>\r\n  </RunConfiguration>\r\n  <LoggerRunSettings>\r\n    <Loggers>\r\n      <Logger friendlyName=\"blame\" enabled=\"True\" />\r\n      <Logger friendlyName=\"Console\" uri=\"logger://microsoft/TestPlatform/ConsoleLogger/v1\" assemblyQualifiedName=\"Microsoft.VisualStudio.TestPlatform.CommandLine.Internal.ConsoleLogger, vstest.console, Version=15.0.0.0, Culture=neutral, PublicKeyToken=b03f5f7f11d50a3a\" codeBase=\"C:\\Program Files\\dotnet\\sdk\\7.0.100\\vstest.console.dll\" enabled=\"True\" />\r\n    </Loggers>\r\n  </LoggerRunSettings>\r\n  <DataCollectionRunSettings>\r\n    <DataCollectors>\r\n      <DataCollector friendlyName=\"blame\" enabled=\"True\">\r\n        <Configuration>\r\n          <ResultsDirectory>C:\\Repositorio\\Desafios\\b3\\B3.Desafio\\tests\\b3.Desafio.WebApi.Tests\\bin\\Debug\\net6.0\\fine-code-coverage\\coverage-tool-output</ResultsDirectory>\r\n        </Configuration>\r\n      </DataCollector>\r\n    </DataCollectors>\r\n  </DataCollectionRunSettings>\r\n</RunSettings>","TestExecutionContext":{"FrequencyOfRunStatsChangeEvent":10,"RunStatsChangeEventTimeout":"00:00:01.5000000","InIsolation":false,"KeepAlive":false,"AreTestCaseLevelEventsRequired":false,"IsDebug":false,"TestCaseFilter":null,"FilterOptions":null},"Package":null}}
TpTrace Verbose: 0 : 14028, 11, 2023/02/22, 13:56:12.811, 6189533751200, vstest.console.dll, TcpClientExtensions.MessageLoopAsync: Polling on remoteEndPoint: 127.0.0.1:54615 localEndPoint: 127.0.0.1:54614
TpTrace Verbose: 0 : 14028, 11, 2023/02/22, 13:56:12.914, 6189534778639, vstest.console.dll, TcpClientExtensions.MessageLoopAsync: NotifyDataAvailable remoteEndPoint: 127.0.0.1:54615 localEndPoint: 127.0.0.1:54614
TpTrace Verbose: 0 : 14028, 11, 2023/02/22, 13:56:12.914, 6189534782477, vstest.console.dll, TestRequestSender.OnExecutionMessageReceived: Received message: {"Version":7,"MessageType":"TestSession.Message","Payload":{"MessageLevel":0,"Message":"[xUnit.net 00:00:00.04] xUnit.net VSTest Adapter v2.4.5+1caef2f33e (64-bit .NET 6.0.11)"}}
TpTrace Verbose: 0 : 14028, 11, 2023/02/22, 13:56:12.915, 6189534794971, vstest.console.dll, TestRunRequest:SendTestRunMessage: Starting.
TpTrace Verbose: 0 : 14028, 11, 2023/02/22, 13:56:12.916, 6189534800286, vstest.console.dll, MulticastDelegateUtilities.SafeInvoke: TestRun.LogMessages: Invoking callback 1/1 for Microsoft.VisualStudio.TestPlatform.CommandLine.TestRunResultAggregator., took 0 ms.
TpTrace Verbose: 0 : 14028, 4, 2023/02/22, 13:56:12.916, 6189534800703, vstest.console.dll, MulticastDelegateUtilities.SafeInvoke: InternalTestLoggerEvents.SendTestRunMessage: Invoking callback 1/1 for Microsoft.VisualStudio.TestPlatform.CommandLine.Internal.ConsoleLogger., took 0 ms.
TpTrace Information: 0 : 14028, 11, 2023/02/22, 13:56:12.939, 6189535026425, vstest.console.dll, TestRunRequest:SendTestRunMessage: Completed.
TpTrace Verbose: 0 : 14028, 11, 2023/02/22, 13:56:12.939, 6189535030467, vstest.console.dll, MulticastDelegateUtilities.SafeInvoke: LengthPrefixCommunicationChannel: MessageReceived: Invoking callback 1/1 for Microsoft.VisualStudio.TestPlatform.CommunicationUtilities.TestRequestSender+<>c__DisplayClass31_0., took 24 ms.
TpTrace Verbose: 0 : 14028, 11, 2023/02/22, 13:56:12.939, 6189535032113, vstest.console.dll, TcpClientExtensions.MessageLoopAsync: Polling on remoteEndPoint: 127.0.0.1:54615 localEndPoint: 127.0.0.1:54614
TpTrace Verbose: 0 : 14028, 11, 2023/02/22, 13:56:13.953, 6189545170985, vstest.console.dll, TcpClientExtensions.MessageLoopAsync: Polling on remoteEndPoint: 127.0.0.1:54615 localEndPoint: 127.0.0.1:54614
TpTrace Verbose: 0 : 14028, 11, 2023/02/22, 13:56:14.967, 6189555311503, vstest.console.dll, TcpClientExtensions.MessageLoopAsync: Polling on remoteEndPoint: 127.0.0.1:54615 localEndPoint: 127.0.0.1:54614
TpTrace Verbose: 0 : 14028, 11, 2023/02/22, 13:56:15.970, 6189565341740, vstest.console.dll, TcpClientExtensions.MessageLoopAsync: Polling on remoteEndPoint: 127.0.0.1:54615 localEndPoint: 127.0.0.1:54614
TpTrace Verbose: 0 : 14028, 11, 2023/02/22, 13:56:16.974, 6189575381757, vstest.console.dll, TcpClientExtensions.MessageLoopAsync: Polling on remoteEndPoint: 127.0.0.1:54615 localEndPoint: 127.0.0.1:54614
TpTrace Verbose: 0 : 14028, 11, 2023/02/22, 13:56:17.071, 6189576351610, vstest.console.dll, TcpClientExtensions.MessageLoopAsync: NotifyDataAvailable remoteEndPoint: 127.0.0.1:54615 localEndPoint: 127.0.0.1:54614
TpTrace Verbose: 0 : 14028, 11, 2023/02/22, 13:56:17.071, 6189576354224, vstest.console.dll, TestRequestSender.OnExecutionMessageReceived: Received message: {"Version":7,"MessageType":"TestSession.Message","Payload":{"MessageLevel":0,"Message":"[xUnit.net 00:00:04.20]   Discovering: b3.Desafio.WebApi.Tests"}}
TpTrace Verbose: 0 : 14028, 11, 2023/02/22, 13:56:17.072, 6189576357888, vstest.console.dll, TestRunRequest:SendTestRunMessage: Starting.
TpTrace Verbose: 0 : 14028, 11, 2023/02/22, 13:56:17.072, 6189576360435, vstest.console.dll, MulticastDelegateUtilities.SafeInvoke: TestRun.LogMessages: Invoking callback 1/1 for Microsoft.VisualStudio.TestPlatform.CommandLine.TestRunResultAggregator., took 0 ms.
TpTrace Verbose: 0 : 14028, 4, 2023/02/22, 13:56:17.072, 6189576361202, vstest.console.dll, MulticastDelegateUtilities.SafeInvoke: InternalTestLoggerEvents.SendTestRunMessage: Invoking callback 1/1 for Microsoft.VisualStudio.TestPlatform.CommandLine.Internal.ConsoleLogger., took 0 ms.
TpTrace Information: 0 : 14028, 11, 2023/02/22, 13:56:17.072, 6189576362018, vstest.console.dll, TestRunRequest:SendTestRunMessage: Completed.
TpTrace Verbose: 0 : 14028, 11, 2023/02/22, 13:56:17.073, 6189576367088, vstest.console.dll, MulticastDelegateUtilities.SafeInvoke: LengthPrefixCommunicationChannel: MessageReceived: Invoking callback 1/1 for Microsoft.VisualStudio.TestPlatform.CommunicationUtilities.TestRequestSender+<>c__DisplayClass31_0., took 1 ms.
TpTrace Verbose: 0 : 14028, 11, 2023/02/22, 13:56:17.073, 6189576368801, vstest.console.dll, TcpClientExtensions.MessageLoopAsync: Polling on remoteEndPoint: 127.0.0.1:54615 localEndPoint: 127.0.0.1:54614
TpTrace Verbose: 0 : 14028, 11, 2023/02/22, 13:56:17.255, 6189578186417, vstest.console.dll, TcpClientExtensions.MessageLoopAsync: NotifyDataAvailable remoteEndPoint: 127.0.0.1:54615 localEndPoint: 127.0.0.1:54614
TpTrace Verbose: 0 : 14028, 11, 2023/02/22, 13:56:17.255, 6189578191643, vstest.console.dll, TestRequestSender.OnExecutionMessageReceived: Received message: {"Version":7,"MessageType":"TestSession.Message","Payload":{"MessageLevel":0,"Message":"[xUnit.net 00:00:04.38]   Discovered:  b3.Desafio.WebApi.Tests"}}
TpTrace Verbose: 0 : 14028, 11, 2023/02/22, 13:56:17.255, 6189578195768, vstest.console.dll, TestRunRequest:SendTestRunMessage: Starting.
TpTrace Verbose: 0 : 14028, 11, 2023/02/22, 13:56:17.256, 6189578198222, vstest.console.dll, MulticastDelegateUtilities.SafeInvoke: TestRun.LogMessages: Invoking callback 1/1 for Microsoft.VisualStudio.TestPlatform.CommandLine.TestRunResultAggregator., took 0 ms.
TpTrace Information: 0 : 14028, 11, 2023/02/22, 13:56:17.256, 6189578199909, vstest.console.dll, TestRunRequest:SendTestRunMessage: Completed.
TpTrace Verbose: 0 : 14028, 4, 2023/02/22, 13:56:17.256, 6189578198817, vstest.console.dll, MulticastDelegateUtilities.SafeInvoke: InternalTestLoggerEvents.SendTestRunMessage: Invoking callback 1/1 for Microsoft.VisualStudio.TestPlatform.CommandLine.Internal.ConsoleLogger., took 0 ms.
TpTrace Verbose: 0 : 14028, 11, 2023/02/22, 13:56:17.256, 6189578201694, vstest.console.dll, MulticastDelegateUtilities.SafeInvoke: LengthPrefixCommunicationChannel: MessageReceived: Invoking callback 1/1 for Microsoft.VisualStudio.TestPlatform.CommunicationUtilities.TestRequestSender+<>c__DisplayClass31_0., took 1 ms.
TpTrace Verbose: 0 : 14028, 11, 2023/02/22, 13:56:17.256, 6189578204960, vstest.console.dll, TcpClientExtensions.MessageLoopAsync: Polling on remoteEndPoint: 127.0.0.1:54615 localEndPoint: 127.0.0.1:54614
TpTrace Verbose: 0 : 14028, 11, 2023/02/22, 13:56:17.262, 6189578262978, vstest.console.dll, TcpClientExtensions.MessageLoopAsync: NotifyDataAvailable remoteEndPoint: 127.0.0.1:54615 localEndPoint: 127.0.0.1:54614
TpTrace Verbose: 0 : 14028, 11, 2023/02/22, 13:56:17.263, 6189578266462, vstest.console.dll, TestRequestSender.OnExecutionMessageReceived: Received message: {"Version":7,"MessageType":"TestSession.Message","Payload":{"MessageLevel":0,"Message":"[xUnit.net 00:00:04.39]   Starting:    b3.Desafio.WebApi.Tests"}}
TpTrace Verbose: 0 : 14028, 11, 2023/02/22, 13:56:17.263, 6189578269657, vstest.console.dll, TestRunRequest:SendTestRunMessage: Starting.
TpTrace Verbose: 0 : 14028, 11, 2023/02/22, 13:56:17.263, 6189578272194, vstest.console.dll, MulticastDelegateUtilities.SafeInvoke: TestRun.LogMessages: Invoking callback 1/1 for Microsoft.VisualStudio.TestPlatform.CommandLine.TestRunResultAggregator., took 0 ms.
TpTrace Information: 0 : 14028, 11, 2023/02/22, 13:56:17.263, 6189578273670, vstest.console.dll, TestRunRequest:SendTestRunMessage: Completed.
TpTrace Verbose: 0 : 14028, 4, 2023/02/22, 13:56:17.263, 6189578272744, vstest.console.dll, MulticastDelegateUtilities.SafeInvoke: InternalTestLoggerEvents.SendTestRunMessage: Invoking callback 1/1 for Microsoft.VisualStudio.TestPlatform.CommandLine.Internal.ConsoleLogger., took 0 ms.
TpTrace Verbose: 0 : 14028, 11, 2023/02/22, 13:56:17.263, 6189578275270, vstest.console.dll, MulticastDelegateUtilities.SafeInvoke: LengthPrefixCommunicationChannel: MessageReceived: Invoking callback 1/1 for Microsoft.VisualStudio.TestPlatform.CommunicationUtilities.TestRequestSender+<>c__DisplayClass31_0., took 0 ms.
TpTrace Verbose: 0 : 14028, 11, 2023/02/22, 13:56:17.264, 6189578278644, vstest.console.dll, TcpClientExtensions.MessageLoopAsync: Polling on remoteEndPoint: 127.0.0.1:54615 localEndPoint: 127.0.0.1:54614
TpTrace Verbose: 0 : 14028, 11, 2023/02/22, 13:56:17.517, 6189580815500, vstest.console.dll, TcpClientExtensions.MessageLoopAsync: NotifyDataAvailable remoteEndPoint: 127.0.0.1:54615 localEndPoint: 127.0.0.1:54614
TpTrace Verbose: 0 : 14028, 11, 2023/02/22, 13:56:17.518, 6189580819631, vstest.console.dll, TestRequestSender.OnExecutionMessageReceived: Received message: {"Version":7,"MessageType":"TestExecution.StatsChange","Payload":{"NewTestResults":[],"TestRunStatistics":{"ExecutedTests":0,"Stats":{}},"ActiveTests":[{"Id":"07cefdc3-83a5-32ed-7ec2-2a010fc2e1fb","FullyQualifiedName":"b3.Desafio.WebApi.Tests.Tests.ModelRequestTests.InvestimentoModelRequest_DeveRetornarInvalido","DisplayName":"b3.Desafio.WebApi.Tests.Tests.ModelRequestTests.InvestimentoModelRequest_DeveRetornarInvalido","ExecutorUri":"executor://xunit/VsTestRunner2/netcoreapp","Source":"C:\\Repositorio\\Desafios\\b3\\B3.Desafio\\tests\\b3.Desafio.WebApi.Tests\\bin\\Debug\\net6.0\\fine-code-coverage\\build-output\\b3.Desafio.WebApi.Tests.dll","CodeFilePath":null,"LineNumber":0,"Properties":[]}]}}
TpTrace Verbose: 0 : 14028, 11, 2023/02/22, 13:56:17.577, 6189581411554, vstest.console.dll, TestRunRequest:SendTestRunStatsChange: Starting.
TpTrace Verbose: 0 : 14028, 11, 2023/02/22, 13:56:17.578, 6189581419087, vstest.console.dll, InProgress is b3.Desafio.WebApi.Tests.Tests.ModelRequestTests.InvestimentoModelRequest_DeveRetornarInvalido
TpTrace Verbose: 0 : 14028, 11, 2023/02/22, 13:56:17.578, 6189581423716, vstest.console.dll, MulticastDelegateUtilities.SafeInvoke: TestRun.RunStatsChanged: Invoking callbacks was skipped because there are no subscribers.
TpTrace Information: 0 : 14028, 11, 2023/02/22, 13:56:17.578, 6189581424791, vstest.console.dll, TestRunRequest:SendTestRunStatsChange: Completed.
TpTrace Verbose: 0 : 14028, 11, 2023/02/22, 13:56:17.578, 6189581425719, vstest.console.dll, MulticastDelegateUtilities.SafeInvoke: LengthPrefixCommunicationChannel: MessageReceived: Invoking callback 1/1 for Microsoft.VisualStudio.TestPlatform.CommunicationUtilities.TestRequestSender+<>c__DisplayClass31_0., took 60 ms.
TpTrace Verbose: 0 : 14028, 11, 2023/02/22, 13:56:17.579, 6189581426661, vstest.console.dll, TcpClientExtensions.MessageLoopAsync: Polling on remoteEndPoint: 127.0.0.1:54615 localEndPoint: 127.0.0.1:54614
TpTrace Verbose: 0 : 14028, 11, 2023/02/22, 13:56:17.805, 6189583687771, vstest.console.dll, TcpClientExtensions.MessageLoopAsync: NotifyDataAvailable remoteEndPoint: 127.0.0.1:54615 localEndPoint: 127.0.0.1:54614
TpTrace Verbose: 0 : 14028, 11, 2023/02/22, 13:56:17.806, 6189583696383, vstest.console.dll, TestRequestSender.OnExecutionMessageReceived: Received message: {"Version":7,"MessageType":"TestExecution.StatsChange","Payload":{"NewTestResults":[{"TestCase":{"Id":"6725a4d2-b1f7-87e3-7134-5ba96b29c7c2","FullyQualifiedName":"b3.Desafio.WebApi.Tests.Tests.InvestimentoCdbTests.DeveRetornarInvestimentoTipoCdb","DisplayName":"b3.Desafio.WebApi.Tests.Tests.InvestimentoCdbTests.DeveRetornarInvestimentoTipoCdb","ExecutorUri":"executor://xunit/VsTestRunner2/netcoreapp","Source":"C:\\Repositorio\\Desafios\\b3\\B3.Desafio\\tests\\b3.Desafio.WebApi.Tests\\bin\\Debug\\net6.0\\fine-code-coverage\\build-output\\b3.Desafio.WebApi.Tests.dll","CodeFilePath":null,"LineNumber":0,"Properties":[]},"Attachments":[],"Outcome":1,"ErrorMessage":null,"ErrorStackTrace":null,"DisplayName":"b3.Desafio.WebApi.Tests.Tests.InvestimentoCdbTests.DeveRetornarInvestimentoTipoCdb","Messages":[],"ComputerName":"NOTEDEV","Duration":"00:00:00.0124255","StartTime":"2023-02-22T16:56:17.649375+00:00","EndTime":"2023-02-22T16:56:17.6494852+00:00","Properties":[]},{"TestCase":{"Id":"4846b695-e820-ee17-5af4-d9ac606b72b2","FullyQualifiedName":"b3.Desafio.WebApi.Tests.Tests.TipoInvestimentoTests.DeveRetornarEnumInvalidoDeAcordoComOTipoInformado","DisplayName":"b3.Desafio.WebApi.Tests.Tests.TipoInvestimentoTests.DeveRetornarEnumInvalidoDeAcordoComOTipoInformado(tipo: \"ABD\")","ExecutorUri":"executor://xunit/VsTestRunner2/netcoreapp","Source":"C:\\Repositorio\\Desafios\\b3\\B3.Desafio\\tests\\b3.Desafio.WebApi.Tests\\bin\\Debug\\net6.0\\fine-code-coverage\\build-output\\b3.Desafio.WebApi.Tests.dll","CodeFilePath":null,"LineNumber":0,"Properties":[]},"Attachments":[],"Outcome":1,"ErrorMessage":null,"ErrorStackTrace":null,"DisplayName":"b3.Desafio.WebApi.Tests.Tests.TipoInvestimentoTests.DeveRetornarEnumInvalidoDeAcordoComOTipoInformado(tipo: \"ABD\")","Messages":[],"ComputerName":"NOTEDEV","Duration":"00:00:00.0083384","StartTime":"2023-02-22T16:56:17.7082753+00:00","EndTime":"2023-02-22T16:56:17.7082755+00:00","Properties":[]},{"TestCase":{"Id":"07cefdc3-83a5-32ed-7ec2-2a010fc2e1fb","FullyQualifiedName":"b3.Desafio.WebApi.Tests.Tests.ModelRequestTests.InvestimentoModelRequest_DeveRetornarInvalido","DisplayName":"b3.Desafio.WebApi.Tests.Tests.ModelRequestTests.InvestimentoModelRequest_DeveRetornarInvalido","ExecutorUri":"executor://xunit/VsTestRunner2/netcoreapp","Source":"C:\\Repositorio\\Desafios\\b3\\B3.Desafio\\tests\\b3.Desafio.WebApi.Tests\\bin\\Debug\\net6.0\\fine-code-coverage\\build-output\\b3.Desafio.WebApi.Tests.dll","CodeFilePath":null,"LineNumber":0,"Properties":[]},"Attachments":[],"Outcome":1,"ErrorMessage":null,"ErrorStackTrace":null,"DisplayName":"b3.Desafio.WebApi.Tests.Tests.ModelRequestTests.InvestimentoModelRequest_DeveRetornarInvalido","Messages":[],"ComputerName":"NOTEDEV","Duration":"00:00:00.0116087","StartTime":"2023-02-22T16:56:17.7137659+00:00","EndTime":"2023-02-22T16:56:17.7137662+00:00","Properties":[]},{"TestCase":{"Id":"37b6f396-3526-c563-d0c5-6a7211a2489d","FullyQualifiedName":"b3.Desafio.WebApi.Tests.Tests.TipoInvestimentoTests.DeveRetornarEnumInvalidoDeAcordoComOTipoInformado","DisplayName":"b3.Desafio.WebApi.Tests.Tests.TipoInvestimentoTests.DeveRetornarEnumInvalidoDeAcordoComOTipoInformado(tipo: \"CDA\")","ExecutorUri":"executor://xunit/VsTestRunner2/netcoreapp","Source":"C:\\Repositorio\\Desafios\\b3\\B3.Desafio\\tests\\b3.Desafio.WebApi.Tests\\bin\\Debug\\net6.0\\fine-code-coverage\\build-output\\b3.Desafio.WebApi.Tests.dll","CodeFilePath":null,"LineNumber":0,"Properties":[]},"Attachments":[],"Outcome":1,"ErrorMessage":null,"ErrorStackTrace":null,"DisplayName":"b3.Desafio.WebApi.Tests.Tests.TipoInvestimentoTests.DeveRetornarEnumInvalidoDeAcordoComOTipoInformado(tipo: \"CDA\")","Messages":[],"ComputerName":"NOTEDEV","Duration":"00:00:00.0000523","StartTime":"2023-02-22T16:56:17.7252084+00:00","EndTime":"2023-02-22T16:56:17.7252088+00:00","Properties":[]},{"TestCase":{"Id":"aaacf249-8561-833d-ede5-45745ff6c762","FullyQualifiedName":"b3.Desafio.WebApi.Tests.Tests.ModelRequestTests.InvestimentoModelRequest_DeveRetornarValido","DisplayName":"b3.Desafio.WebApi.Tests.Tests.ModelRequestTests.InvestimentoModelRequest_DeveRetornarValido","ExecutorUri":"executor://xunit/VsTestRunner2/netcoreapp","Source":"C:\\Repositorio\\Desafios\\b3\\B3.Desafio\\tests\\b3.Desafio.WebApi.Tests\\bin\\Debug\\net6.0\\fine-code-coverage\\build-output\\b3.Desafio.WebApi.Tests.dll","CodeFilePath":null,"LineNumber":0,"Properties":[]},"Attachments":[],"Outcome":1,"ErrorMessage":null,"ErrorStackTrace":null,"DisplayName":"b3.Desafio.WebApi.Tests.Tests.ModelRequestTests.InvestimentoModelRequest_DeveRetornarValido","Messages":[],"ComputerName":"NOTEDEV","Duration":"00:00:00.0008276","StartTime":"2023-02-22T16:56:17.7424817+00:00","EndTime":"2023-02-22T16:56:17.7424823+00:00","Properties":[]},{"TestCase":{"Id":"4a88ec99-d62a-9ff7-f378-67b80c49d197","FullyQualifiedName":"b3.Desafio.WebApi.Tests.Tests.InvestimentoCdbTests.DeveCalcularOsValoresInvestidos","DisplayName":"b3.Desafio.WebApi.Tests.Tests.InvestimentoCdbTests.DeveCalcularOsValoresInvestidos(valorInicial: 1200, prazo: 12, valorFinalTotalEsperado: 1347,7, valorLiquidoEsperado: 118,16)","ExecutorUri":"executor://xunit/VsTestRunner2/netcoreapp","Source":"C:\\Repositorio\\Desafios\\b3\\B3.Desafio\\tests\\b3.Desafio.WebApi.Tests\\bin\\Debug\\net6.0\\fine-code-coverage\\build-output\\b3.Desafio.WebApi.Tests.dll","CodeFilePath":null,"LineNumber":0,"Properties":[]},"Attachments":[],"Outcome":1,"ErrorMessage":null,"ErrorStackTrace":null,"DisplayName":"b3.Desafio.WebApi.Tests.Tests.InvestimentoCdbTests.DeveCalcularOsValoresInvestidos(valorInicial: 1200, prazo: 12, valorFinalTotalEsperado: 1347,7, valorLiquidoEsperado: 118,16)","Messages":[],"ComputerName":"NOTEDEV","Duration":"00:00:00.0018551","StartTime":"2023-02-22T16:56:17.7467519+00:00","EndTime":"2023-02-22T16:56:17.746752+00:00","Properties":[]},{"TestCase":{"Id":"3cb42676-0720-939c-49a5-4f77b1e7be78","FullyQualifiedName":"b3.Desafio.WebApi.Tests.Tests.ResponseMessageTests.InvestimentoCalculadoResponse_DeveRetornarStatusCode200","DisplayName":"b3.Desafio.WebApi.Tests.Tests.ResponseMessageTests.InvestimentoCalculadoResponse_DeveRetornarStatusCode200","ExecutorUri":"executor://xunit/VsTestRunner2/netcoreapp","Source":"C:\\Repositorio\\Desafios\\b3\\B3.Desafio\\tests\\b3.Desafio.WebApi.Tests\\bin\\Debug\\net6.0\\fine-code-coverage\\build-output\\b3.Desafio.WebApi.Tests.dll","CodeFilePath":null,"LineNumber":0,"Properties":[]},"Attachments":[],"Outcome":1,"ErrorMessage":null,"ErrorStackTrace":null,"DisplayName":"b3.Desafio.WebApi.Tests.Tests.ResponseMessageTests.InvestimentoCalculadoResponse_DeveRetornarStatusCode200","Messages":[],"ComputerName":"NOTEDEV","Duration":"00:00:00.0341332","StartTime":"2023-02-22T16:56:17.7510593+00:00","EndTime":"2023-02-22T16:56:17.7510596+00:00","Properties":[]}],"TestRunStatistics":{"ExecutedTests":7,"Stats":{"Passed":7}},"ActiveTests":[{"Id":"c9396faf-c829-f2d8-ed8c-e071c127c843","FullyQualifiedName":"b3.Desafio.WebApi.Tests.Tests.InvestimentoServiceTests.DeveRetornarInvestimentoCalculado","DisplayName":"Calcular Investimento","ExecutorUri":"executor://xunit/VsTestRunner2/netcoreapp","Source":"C:\\Repositorio\\Desafios\\b3\\B3.Desafio\\tests\\b3.Desafio.WebApi.Tests\\bin\\Debug\\net6.0\\fine-code-coverage\\build-output\\b3.Desafio.WebApi.Tests.dll","CodeFilePath":null,"LineNumber":0,"Properties":[]},{"Id":"e5c66e45-d118-51cb-6f5c-d77233827f00","FullyQualifiedName":"b3.Desafio.WebApi.Tests.Tests.ExtensionsTests.ValidationExtensions_DeveRetornarValidacaoDeEntidadeValida","DisplayName":"b3.Desafio.WebApi.Tests.Tests.ExtensionsTests.ValidationExtensions_DeveRetornarValidacaoDeEntidadeValida","ExecutorUri":"executor://xunit/VsTestRunner2/netcoreapp","Source":"C:\\Repositorio\\Desafios\\b3\\B3.Desafio\\tests\\b3.Desafio.WebApi.Tests\\bin\\Debug\\net6.0\\fine-code-coverage\\build-output\\b3.Desafio.WebApi.Tests.dll","CodeFilePath":null,"LineNumber":0,"Properties":[]},{"Id":"2e467e66-fd4b-02f1-b8b8-96bd75c58ec6","FullyQualifiedName":"b3.Desafio.WebApi.Tests.Tests.ImpostoTests.DeveRetornarAliquotaConformeEsperado","DisplayName":"b3.Desafio.WebApi.Tests.Tests.ImpostoTests.DeveRetornarAliquotaConformeEsperado(prazo: 8, aliquotaEsperada: 0,2)","ExecutorUri":"executor://xunit/VsTestRunner2/netcoreapp","Source":"C:\\Repositorio\\Desafios\\b3\\B3.Desafio\\tests\\b3.Desafio.WebApi.Tests\\bin\\Debug\\net6.0\\fine-code-coverage\\build-output\\b3.Desafio.WebApi.Tests.dll","CodeFilePath":null,"LineNumber":0,"Properties":[]}]}}
TpTrace Verbose: 0 : 14028, 11, 2023/02/22, 13:56:17.839, 6189584030613, vstest.console.dll, TestRunRequest:SendTestRunStatsChange: Starting.
TpTrace Verbose: 0 : 14028, 11, 2023/02/22, 13:56:17.839, 6189584032879, vstest.console.dll, InProgress is Calcular Investimento
TpTrace Verbose: 0 : 14028, 11, 2023/02/22, 13:56:17.839, 6189584034790, vstest.console.dll, InProgress is b3.Desafio.WebApi.Tests.Tests.ExtensionsTests.ValidationExtensions_DeveRetornarValidacaoDeEntidadeValida
TpTrace Verbose: 0 : 14028, 11, 2023/02/22, 13:56:17.840, 6189584036488, vstest.console.dll, InProgress is b3.Desafio.WebApi.Tests.Tests.ImpostoTests.DeveRetornarAliquotaConformeEsperado(prazo: 8, aliquotaEsperada: 0,2)
TpTrace Verbose: 0 : 14028, 11, 2023/02/22, 13:56:17.841, 6189584054967, vstest.console.dll, MulticastDelegateUtilities.SafeInvoke: TestRun.RunStatsChanged: Invoking callbacks was skipped because there are no subscribers.
TpTrace Information: 0 : 14028, 11, 2023/02/22, 13:56:17.842, 6189584056779, vstest.console.dll, TestRunRequest:SendTestRunStatsChange: Completed.
TpTrace Verbose: 0 : 14028, 11, 2023/02/22, 13:56:17.842, 6189584058209, vstest.console.dll, MulticastDelegateUtilities.SafeInvoke: LengthPrefixCommunicationChannel: MessageReceived: Invoking callback 1/1 for Microsoft.VisualStudio.TestPlatform.CommunicationUtilities.TestRequestSender+<>c__DisplayClass31_0., took 36 ms.
TpTrace Verbose: 0 : 14028, 11, 2023/02/22, 13:56:17.842, 6189584059611, vstest.console.dll, TcpClientExtensions.MessageLoopAsync: Polling on remoteEndPoint: 127.0.0.1:54615 localEndPoint: 127.0.0.1:54614
TpTrace Verbose: 0 : 14028, 4, 2023/02/22, 13:56:17.858, 6189584216652, vstest.console.dll, MulticastDelegateUtilities.SafeInvoke: InternalTestLoggerEvents.SendTestResult: Invoking callback 1/1 for Microsoft.VisualStudio.TestPlatform.CommandLine.Internal.ConsoleLogger., took 16 ms.
TpTrace Verbose: 0 : 14028, 4, 2023/02/22, 13:56:17.859, 6189584226738, vstest.console.dll, MulticastDelegateUtilities.SafeInvoke: InternalTestLoggerEvents.SendTestResult: Invoking callback 1/1 for Microsoft.VisualStudio.TestPlatform.CommandLine.Internal.ConsoleLogger., took 0 ms.
TpTrace Verbose: 0 : 14028, 4, 2023/02/22, 13:56:17.859, 6189584229719, vstest.console.dll, MulticastDelegateUtilities.SafeInvoke: InternalTestLoggerEvents.SendTestResult: Invoking callback 1/1 for Microsoft.VisualStudio.TestPlatform.CommandLine.Internal.ConsoleLogger., took 0 ms.
TpTrace Verbose: 0 : 14028, 4, 2023/02/22, 13:56:17.859, 6189584232598, vstest.console.dll, MulticastDelegateUtilities.SafeInvoke: InternalTestLoggerEvents.SendTestResult: Invoking callback 1/1 for Microsoft.VisualStudio.TestPlatform.CommandLine.Internal.ConsoleLogger., took 0 ms.
TpTrace Verbose: 0 : 14028, 4, 2023/02/22, 13:56:17.859, 6189584235356, vstest.console.dll, MulticastDelegateUtilities.SafeInvoke: InternalTestLoggerEvents.SendTestResult: Invoking callback 1/1 for Microsoft.VisualStudio.TestPlatform.CommandLine.Internal.ConsoleLogger., took 0 ms.
TpTrace Verbose: 0 : 14028, 4, 2023/02/22, 13:56:17.860, 6189584237626, vstest.console.dll, MulticastDelegateUtilities.SafeInvoke: InternalTestLoggerEvents.SendTestResult: Invoking callback 1/1 for Microsoft.VisualStudio.TestPlatform.CommandLine.Internal.ConsoleLogger., took 0 ms.
TpTrace Verbose: 0 : 14028, 4, 2023/02/22, 13:56:17.860, 6189584239471, vstest.console.dll, MulticastDelegateUtilities.SafeInvoke: InternalTestLoggerEvents.SendTestResult: Invoking callback 1/1 for Microsoft.VisualStudio.TestPlatform.CommandLine.Internal.ConsoleLogger., took 0 ms.
TpTrace Verbose: 0 : 14028, 11, 2023/02/22, 13:56:17.879, 6189584430491, vstest.console.dll, TcpClientExtensions.MessageLoopAsync: NotifyDataAvailable remoteEndPoint: 127.0.0.1:54615 localEndPoint: 127.0.0.1:54614
TpTrace Verbose: 0 : 14028, 11, 2023/02/22, 13:56:17.879, 6189584433770, vstest.console.dll, TestRequestSender.OnExecutionMessageReceived: Received message: {"Version":7,"MessageType":"TestSession.Message","Payload":{"MessageLevel":0,"Message":"[xUnit.net 00:00:05.01]   Finished:    b3.Desafio.WebApi.Tests"}}
TpTrace Verbose: 0 : 14028, 11, 2023/02/22, 13:56:17.880, 6189584436962, vstest.console.dll, TestRunRequest:SendTestRunMessage: Starting.
TpTrace Verbose: 0 : 14028, 11, 2023/02/22, 13:56:17.880, 6189584439323, vstest.console.dll, MulticastDelegateUtilities.SafeInvoke: TestRun.LogMessages: Invoking callback 1/1 for Microsoft.VisualStudio.TestPlatform.CommandLine.TestRunResultAggregator., took 0 ms.
TpTrace Verbose: 0 : 14028, 4, 2023/02/22, 13:56:17.880, 6189584439903, vstest.console.dll, MulticastDelegateUtilities.SafeInvoke: InternalTestLoggerEvents.SendTestRunMessage: Invoking callback 1/1 for Microsoft.VisualStudio.TestPlatform.CommandLine.Internal.ConsoleLogger., took 0 ms.
TpTrace Information: 0 : 14028, 11, 2023/02/22, 13:56:17.880, 6189584441265, vstest.console.dll, TestRunRequest:SendTestRunMessage: Completed.
TpTrace Verbose: 0 : 14028, 11, 2023/02/22, 13:56:17.880, 6189584443973, vstest.console.dll, MulticastDelegateUtilities.SafeInvoke: LengthPrefixCommunicationChannel: MessageReceived: Invoking callback 1/1 for Microsoft.VisualStudio.TestPlatform.CommunicationUtilities.TestRequestSender+<>c__DisplayClass31_0., took 1 ms.
TpTrace Verbose: 0 : 14028, 11, 2023/02/22, 13:56:17.880, 6189584445815, vstest.console.dll, TcpClientExtensions.MessageLoopAsync: Polling on remoteEndPoint: 127.0.0.1:54615 localEndPoint: 127.0.0.1:54614
TpTrace Verbose: 0 : 14028, 11, 2023/02/22, 13:56:17.935, 6189584986351, vstest.console.dll, TcpClientExtensions.MessageLoopAsync: NotifyDataAvailable remoteEndPoint: 127.0.0.1:54615 localEndPoint: 127.0.0.1:54614
TpTrace Verbose: 0 : 14028, 11, 2023/02/22, 13:56:17.935, 6189584993704, vstest.console.dll, TestRequestSender.OnExecutionMessageReceived: Received message: {"Version":7,"MessageType":"TestExecution.Completed","Payload":{"TestRunCompleteArgs":{"TestRunStatistics":{"ExecutedTests":16,"Stats":{"Passed":16}},"IsCanceled":false,"IsAborted":false,"Error":null,"AttachmentSets":[],"InvokedDataCollectors":[],"ElapsedTimeInRunningTests":"00:00:05.0596811","Metrics":{},"DiscoveredExtensions":{"TestDiscoverers":["Xunit.Runner.VisualStudio.VsTestRunner, xunit.runner.visualstudio.dotnetcore.testadapter, Version=2.4.0.0, Culture=neutral, PublicKeyToken=8d05b1bb7a6fdb6c"],"TestExecutors":["executor://xunit/VsTestRunner2/netcoreapp"],"TestExecutors2":[],"TestSettingsProviders":[]}},"LastRunTests":{"NewTestResults":[{"TestCase":{"Id":"e5c66e45-d118-51cb-6f5c-d77233827f00","FullyQualifiedName":"b3.Desafio.WebApi.Tests.Tests.ExtensionsTests.ValidationExtensions_DeveRetornarValidacaoDeEntidadeValida","DisplayName":"b3.Desafio.WebApi.Tests.Tests.ExtensionsTests.ValidationExtensions_DeveRetornarValidacaoDeEntidadeValida","ExecutorUri":"executor://xunit/VsTestRunner2/netcoreapp","Source":"C:\\Repositorio\\Desafios\\b3\\B3.Desafio\\tests\\b3.Desafio.WebApi.Tests\\bin\\Debug\\net6.0\\fine-code-coverage\\build-output\\b3.Desafio.WebApi.Tests.dll","CodeFilePath":null,"LineNumber":0,"Properties":[]},"Attachments":[],"Outcome":1,"ErrorMessage":null,"ErrorStackTrace":null,"DisplayName":"b3.Desafio.WebApi.Tests.Tests.ExtensionsTests.ValidationExtensions_DeveRetornarValidacaoDeEntidadeValida","Messages":[],"ComputerName":"NOTEDEV","Duration":"00:00:00.0009103","StartTime":"2023-02-22T16:56:17.8104198+00:00","EndTime":"2023-02-22T16:56:17.8104201+00:00","Properties":[]},{"TestCase":{"Id":"c5d98e5b-2da6-b857-c876-ca37959d4b7d","FullyQualifiedName":"b3.Desafio.WebApi.Tests.Tests.ExtensionsTests.ValidationExtensions_DeveRetornarValidacaoDeEntidadeInvalida","DisplayName":"b3.Desafio.WebApi.Tests.Tests.ExtensionsTests.ValidationExtensions_DeveRetornarValidacaoDeEntidadeInvalida","ExecutorUri":"executor://xunit/VsTestRunner2/netcoreapp","Source":"C:\\Repositorio\\Desafios\\b3\\B3.Desafio\\tests\\b3.Desafio.WebApi.Tests\\bin\\Debug\\net6.0\\fine-code-coverage\\build-output\\b3.Desafio.WebApi.Tests.dll","CodeFilePath":null,"LineNumber":0,"Properties":[]},"Attachments":[],"Outcome":1,"ErrorMessage":null,"ErrorStackTrace":null,"DisplayName":"b3.Desafio.WebApi.Tests.Tests.ExtensionsTests.ValidationExtensions_DeveRetornarValidacaoDeEntidadeInvalida","Messages":[],"ComputerName":"NOTEDEV","Duration":"00:00:00.0003776","StartTime":"2023-02-22T16:56:17.8196234+00:00","EndTime":"2023-02-22T16:56:17.8196236+00:00","Properties":[]},{"TestCase":{"Id":"3abc28bd-23e0-dceb-36ac-ab0a6513cd1c","FullyQualifiedName":"b3.Desafio.WebApi.Tests.Tests.ExtensionsTests.DecimalExtensions_DeveRetornarDecimalFormatadoComDuasCasas","DisplayName":"b3.Desafio.WebApi.Tests.Tests.ExtensionsTests.DecimalExtensions_DeveRetornarDecimalFormatadoComDuasCasas","ExecutorUri":"executor://xunit/VsTestRunner2/netcoreapp","Source":"C:\\Repositorio\\Desafios\\b3\\B3.Desafio\\tests\\b3.Desafio.WebApi.Tests\\bin\\Debug\\net6.0\\fine-code-coverage\\build-output\\b3.Desafio.WebApi.Tests.dll","CodeFilePath":null,"LineNumber":0,"Properties":[]},"Attachments":[],"Outcome":1,"ErrorMessage":null,"ErrorStackTrace":null,"DisplayName":"b3.Desafio.WebApi.Tests.Tests.ExtensionsTests.DecimalExtensions_DeveRetornarDecimalFormatadoComDuasCasas","Messages":[],"ComputerName":"NOTEDEV","Duration":"00:00:00.0004818","StartTime":"2023-02-22T16:56:17.8307449+00:00","EndTime":"2023-02-22T16:56:17.8307452+00:00","Properties":[]},{"TestCase":{"Id":"2e467e66-fd4b-02f1-b8b8-96bd75c58ec6","FullyQualifiedName":"b3.Desafio.WebApi.Tests.Tests.ImpostoTests.DeveRetornarAliquotaConformeEsperado","DisplayName":"b3.Desafio.WebApi.Tests.Tests.ImpostoTests.DeveRetornarAliquotaConformeEsperado(prazo: 8, aliquotaEsperada: 0,2)","ExecutorUri":"executor://xunit/VsTestRunner2/netcoreapp","Source":"C:\\Repositorio\\Desafios\\b3\\B3.Desafio\\tests\\b3.Desafio.WebApi.Tests\\bin\\Debug\\net6.0\\fine-code-coverage\\build-output\\b3.Desafio.WebApi.Tests.dll","CodeFilePath":null,"LineNumber":0,"Properties":[]},"Attachments":[],"Outcome":1,"ErrorMessage":null,"ErrorStackTrace":null,"DisplayName":"b3.Desafio.WebApi.Tests.Tests.ImpostoTests.DeveRetornarAliquotaConformeEsperado(prazo: 8, aliquotaEsperada: 0,2)","Messages":[],"ComputerName":"NOTEDEV","Duration":"00:00:00.0106580","StartTime":"2023-02-22T16:56:17.8361927+00:00","EndTime":"2023-02-22T16:56:17.836193+00:00","Properties":[]},{"TestCase":{"Id":"f3066828-ca9c-4244-c3dd-3261aeb0eb11","FullyQualifiedName":"b3.Desafio.WebApi.Tests.Tests.ImpostoTests.DeveRetornarAliquotaConformeEsperado","DisplayName":"b3.Desafio.WebApi.Tests.Tests.ImpostoTests.DeveRetornarAliquotaConformeEsperado(prazo: 25, aliquotaEsperada: 0,15)","ExecutorUri":"executor://xunit/VsTestRunner2/netcoreapp","Source":"C:\\Repositorio\\Desafios\\b3\\B3.Desafio\\tests\\b3.Desafio.WebApi.Tests\\bin\\Debug\\net6.0\\fine-code-coverage\\build-output\\b3.Desafio.WebApi.Tests.dll","CodeFilePath":null,"LineNumber":0,"Properties":[]},"Attachments":[],"Outcome":1,"ErrorMessage":null,"ErrorStackTrace":null,"DisplayName":"b3.Desafio.WebApi.Tests.Tests.ImpostoTests.DeveRetornarAliquotaConformeEsperado(prazo: 25, aliquotaEsperada: 0,15)","Messages":[],"ComputerName":"NOTEDEV","Duration":"00:00:00.0000464","StartTime":"2023-02-22T16:56:17.8447276+00:00","EndTime":"2023-02-22T16:56:17.8447278+00:00","Properties":[]},{"TestCase":{"Id":"ed3a27fb-8956-00a5-93e1-4b7cd7943abd","FullyQualifiedName":"b3.Desafio.WebApi.Tests.Tests.ImpostoTests.DeveRetornarAliquotaConformeEsperado","DisplayName":"b3.Desafio.WebApi.Tests.Tests.ImpostoTests.DeveRetornarAliquotaConformeEsperado(prazo: 5, aliquotaEsperada: 0,225)","ExecutorUri":"executor://xunit/VsTestRunner2/netcoreapp","Source":"C:\\Repositorio\\Desafios\\b3\\B3.Desafio\\tests\\b3.Desafio.WebApi.Tests\\bin\\Debug\\net6.0\\fine-code-coverage\\build-output\\b3.Desafio.WebApi.Tests.dll","CodeFilePath":null,"LineNumber":0,"Properties":[]},"Attachments":[],"Outcome":1,"ErrorMessage":null,"ErrorStackTrace":null,"DisplayName":"b3.Desafio.WebApi.Tests.Tests.ImpostoTests.DeveRetornarAliquotaConformeEsperado(prazo: 5, aliquotaEsperada: 0,225)","Messages":[],"ComputerName":"NOTEDEV","Duration":"00:00:00.0000317","StartTime":"2023-02-22T16:56:17.8559833+00:00","EndTime":"2023-02-22T16:56:17.8559836+00:00","Properties":[]},{"TestCase":{"Id":"6a1fbd73-9977-dcd4-a418-dad45df7a0cb","FullyQualifiedName":"b3.Desafio.WebApi.Tests.Tests.ImpostoTests.DeveRetornarAliquotaConformeEsperado","DisplayName":"b3.Desafio.WebApi.Tests.Tests.ImpostoTests.DeveRetornarAliquotaConformeEsperado(prazo: -1, aliquotaEsperada: -1)","ExecutorUri":"executor://xunit/VsTestRunner2/netcoreapp","Source":"C:\\Repositorio\\Desafios\\b3\\B3.Desafio\\tests\\b3.Desafio.WebApi.Tests\\bin\\Debug\\net6.0\\fine-code-coverage\\build-output\\b3.Desafio.WebApi.Tests.dll","CodeFilePath":null,"LineNumber":0,"Properties":[]},"Attachments":[],"Outcome":1,"ErrorMessage":null,"ErrorStackTrace":null,"DisplayName":"b3.Desafio.WebApi.Tests.Tests.ImpostoTests.DeveRetornarAliquotaConformeEsperado(prazo: -1, aliquotaEsperada: -1)","Messages":[],"ComputerName":"NOTEDEV","Duration":"00:00:00.0000290","StartTime":"2023-02-22T16:56:17.8629736+00:00","EndTime":"2023-02-22T16:56:17.8629739+00:00","Properties":[]},{"TestCase":{"Id":"2bb7ed03-d3c5-1635-0d1c-4604ff2105b1","FullyQualifiedName":"b3.Desafio.WebApi.Tests.Tests.ImpostoTests.DeveRetornarAliquotaConformeEsperado","DisplayName":"b3.Desafio.WebApi.Tests.Tests.ImpostoTests.DeveRetornarAliquotaConformeEsperado(prazo: 13, aliquotaEsperada: 0,175)","ExecutorUri":"executor://xunit/VsTestRunner2/netcoreapp","Source":"C:\\Repositorio\\Desafios\\b3\\B3.Desafio\\tests\\b3.Desafio.WebApi.Tests\\bin\\Debug\\net6.0\\fine-code-coverage\\build-output\\b3.Desafio.WebApi.Tests.dll","CodeFilePath":null,"LineNumber":0,"Properties":[]},"Attachments":[],"Outcome":1,"ErrorMessage":null,"ErrorStackTrace":null,"DisplayName":"b3.Desafio.WebApi.Tests.Tests.ImpostoTests.DeveRetornarAliquotaConformeEsperado(prazo: 13, aliquotaEsperada: 0,175)","Messages":[],"ComputerName":"NOTEDEV","Duration":"00:00:00.0000321","StartTime":"2023-02-22T16:56:17.8696118+00:00","EndTime":"2023-02-22T16:56:17.8696121+00:00","Properties":[]},{"TestCase":{"Id":"c9396faf-c829-f2d8-ed8c-e071c127c843","FullyQualifiedName":"b3.Desafio.WebApi.Tests.Tests.InvestimentoServiceTests.DeveRetornarInvestimentoCalculado","DisplayName":"Calcular Investimento","ExecutorUri":"executor://xunit/VsTestRunner2/netcoreapp","Source":"C:\\Repositorio\\Desafios\\b3\\B3.Desafio\\tests\\b3.Desafio.WebApi.Tests\\bin\\Debug\\net6.0\\fine-code-coverage\\build-output\\b3.Desafio.WebApi.Tests.dll","CodeFilePath":null,"LineNumber":0,"Properties":[]},"Attachments":[],"Outcome":1,"ErrorMessage":null,"ErrorStackTrace":null,"DisplayName":"Calcular Investimento","Messages":[],"ComputerName":"NOTEDEV","Duration":"00:00:00.0479344","StartTime":"2023-02-22T16:56:17.8732541+00:00","EndTime":"2023-02-22T16:56:17.8732543+00:00","Properties":[]}],"TestRunStatistics":{"ExecutedTests":16,"Stats":{"Passed":16}},"ActiveTests":[]},"RunAttachments":[],"ExecutorUris":["executor://xunit/VsTestRunner2/netcoreapp"]}}
TpTrace Verbose: 0 : 14028, 11, 2023/02/22, 13:56:17.936, 6189584997574, vstest.console.dll, TestRequestSender.EndSession: Sending end session.
TpTrace Verbose: 0 : 14028, 11, 2023/02/22, 13:56:17.936, 6189585001450, vstest.console.dll, ProxyOperationManager.Close: waiting for test host to exit for 100 ms
TpTrace Warning: 0 : 14028, 10, 2023/02/22, 13:56:17.993, 6189585574555, vstest.console.dll, TestHostManagerCallbacks.ErrorReceivedCallback Test host standard error line: 
TpTrace Verbose: 0 : 14028, 10, 2023/02/22, 13:56:18.032, 6189585956254, vstest.console.dll, TestHostProvider.ExitCallBack: Host exited starting callback.
TpTrace Information: 0 : 14028, 10, 2023/02/22, 13:56:18.032, 6189585961960, vstest.console.dll, TestHostManagerCallbacks.ExitCallBack: Testhost processId: 12724 exited with exitcode: 0 error: ''
TpTrace Verbose: 0 : 14028, 10, 2023/02/22, 13:56:18.032, 6189585963210, vstest.console.dll, DotnetTestHostManager.OnHostExited: invoking OnHostExited callback
TpTrace Verbose: 0 : 14028, 10, 2023/02/22, 13:56:18.032, 6189585964589, vstest.console.dll, CrossPlatEngine.TestHostManagerHostExited: calling on client process exit callback.
TpTrace Information: 0 : 14028, 10, 2023/02/22, 13:56:18.033, 6189585966031, vstest.console.dll, TestRequestSender.OnClientProcessExit: Test host process exited. Standard error: 
TpTrace Information: 0 : 14028, 10, 2023/02/22, 13:56:18.033, 6189585967172, vstest.console.dll, SocketServer.Stop: Stop server endPoint: 127.0.0.1:54614
TpTrace Information: 0 : 14028, 10, 2023/02/22, 13:56:18.033, 6189585968057, vstest.console.dll, SocketServer.Stop: Cancellation requested. Stopping message loop.
TpTrace Verbose: 0 : 14028, 10, 2023/02/22, 13:56:18.033, 6189585970626, vstest.console.dll, MulticastDelegateUtilities.SafeInvoke: HostProviderEvents.OnHostExited: Invoking callback 1/1 for Microsoft.VisualStudio.TestPlatform.CrossPlatEngine.Client.ProxyOperationManager., took 0 ms.
TpTrace Information: 0 : 14028, 11, 2023/02/22, 13:56:18.033, 6189585970827, vstest.console.dll, SocketServer.Stop: Stop server endPoint: 127.0.0.1:54614
TpTrace Information: 0 : 14028, 11, 2023/02/22, 13:56:18.033, 6189585973147, vstest.console.dll, SocketServer.Stop: Cancellation requested. Stopping message loop.
TpTrace Information: 0 : 14028, 11, 2023/02/22, 13:56:18.033, 6189585974380, vstest.console.dll, Closing the connection
TpTrace Verbose: 0 : 14028, 11, 2023/02/22, 13:56:18.034, 6189585980677, vstest.console.dll, ProxyDataCollectionManager.InvokeDataCollectionServiceAction: Starting.
TpTrace Information: 0 : 14028, 11, 2023/02/22, 13:56:18.034, 6189585981861, vstest.console.dll, ProxyDataCollectionManager.AfterTestRunEnd: Get attachment set and invoked data collectors processId: 8688 port: 54611
TpTrace Verbose: 0 : 14028, 11, 2023/02/22, 13:56:18.034, 6189585983080, vstest.console.dll, DataCollectionRequestSender.SendAfterTestRunStartAndGetResult: Send AfterTestRunEnd message with isCancelled: False
TpTrace Verbose: 0 : 14028, 11, 2023/02/22, 13:56:18.058, 6189586217743, vstest.console.dll, DataCollectionRequestSender.SendAfterTestRunStartAndGetResult: Received message: (DataCollection.AfterTestRunEndResult) -> {"MessageType":"DataCollection.AfterTestRunEndResult","Payload":{"AttachmentSets":[],"InvokedDataCollectors":[{"Uri":"datacollector://Microsoft/TestPlatform/Extensions/Blame/v1","FriendlyName":"Blame","AssemblyQualifiedName":"Microsoft.TestPlatform.Extensions.BlameDataCollector.BlameCollector, Microsoft.TestPlatform.Extensions.BlameDataCollector, Version=15.0.0.0, Culture=neutral, PublicKeyToken=b03f5f7f11d50a3a","FilePath":"C:\\Program Files\\dotnet\\sdk\\7.0.100\\Extensions\\Microsoft.TestPlatform.Extensions.BlameDataCollector.dll","HasAttachmentProcessor":false}],"Metrics":{}}}
TpTrace Warning: 0 : 14028, 8, 2023/02/22, 13:56:18.070, 6189586336580, vstest.console.dll, DataCollectionLauncher.ErrorReceivedCallback datacollector standard error line: 
TpTrace Information: 0 : 14028, 11, 2023/02/22, 13:56:18.087, 6189586509308, vstest.console.dll, ProxyDataCollectionManager.InvokeDataCollectionServiceAction: Completed.
TpTrace Information: 0 : 14028, 8, 2023/02/22, 13:56:18.090, 6189586539116, vstest.console.dll, DataCollectionLauncher.ExitCallBack: Data collector exited with exitcode: 0 error: ''
TpTrace Verbose: 0 : 14028, 11, 2023/02/22, 13:56:18.207, 6189587712154, vstest.console.dll, TestRunRequest:SendTestRunStatsChange: Starting.
TpTrace Verbose: 0 : 14028, 11, 2023/02/22, 13:56:18.207, 6189587715001, vstest.console.dll, MulticastDelegateUtilities.SafeInvoke: TestRun.RunStatsChanged: Invoking callbacks was skipped because there are no subscribers.
TpTrace Verbose: 0 : 14028, 4, 2023/02/22, 13:56:18.208, 6189587716500, vstest.console.dll, MulticastDelegateUtilities.SafeInvoke: InternalTestLoggerEvents.SendTestResult: Invoking callback 1/1 for Microsoft.VisualStudio.TestPlatform.CommandLine.Internal.ConsoleLogger., took 0 ms.
TpTrace Information: 0 : 14028, 11, 2023/02/22, 13:56:18.208, 6189587716588, vstest.console.dll, TestRunRequest:SendTestRunStatsChange: Completed.
TpTrace Verbose: 0 : 14028, 4, 2023/02/22, 13:56:18.208, 6189587718978, vstest.console.dll, MulticastDelegateUtilities.SafeInvoke: InternalTestLoggerEvents.SendTestResult: Invoking callback 1/1 for Microsoft.VisualStudio.TestPlatform.CommandLine.Internal.ConsoleLogger., took 0 ms.
TpTrace Verbose: 0 : 14028, 4, 2023/02/22, 13:56:18.208, 6189587722425, vstest.console.dll, MulticastDelegateUtilities.SafeInvoke: InternalTestLoggerEvents.SendTestResult: Invoking callback 1/1 for Microsoft.VisualStudio.TestPlatform.CommandLine.Internal.ConsoleLogger., took 0 ms.
TpTrace Verbose: 0 : 14028, 4, 2023/02/22, 13:56:18.208, 6189587724711, vstest.console.dll, MulticastDelegateUtilities.SafeInvoke: InternalTestLoggerEvents.SendTestResult: Invoking callback 1/1 for Microsoft.VisualStudio.TestPlatform.CommandLine.Internal.ConsoleLogger., took 0 ms.
TpTrace Verbose: 0 : 14028, 4, 2023/02/22, 13:56:18.209, 6189587726921, vstest.console.dll, MulticastDelegateUtilities.SafeInvoke: InternalTestLoggerEvents.SendTestResult: Invoking callback 1/1 for Microsoft.VisualStudio.TestPlatform.CommandLine.Internal.ConsoleLogger., took 0 ms.
TpTrace Verbose: 0 : 14028, 4, 2023/02/22, 13:56:18.209, 6189587729554, vstest.console.dll, MulticastDelegateUtilities.SafeInvoke: InternalTestLoggerEvents.SendTestResult: Invoking callback 1/1 for Microsoft.VisualStudio.TestPlatform.CommandLine.Internal.ConsoleLogger., took 0 ms.
TpTrace Verbose: 0 : 14028, 4, 2023/02/22, 13:56:18.209, 6189587732218, vstest.console.dll, MulticastDelegateUtilities.SafeInvoke: InternalTestLoggerEvents.SendTestResult: Invoking callback 1/1 for Microsoft.VisualStudio.TestPlatform.CommandLine.Internal.ConsoleLogger., took 0 ms.
TpTrace Verbose: 0 : 14028, 4, 2023/02/22, 13:56:18.209, 6189587735009, vstest.console.dll, MulticastDelegateUtilities.SafeInvoke: InternalTestLoggerEvents.SendTestResult: Invoking callback 1/1 for Microsoft.VisualStudio.TestPlatform.CommandLine.Internal.ConsoleLogger., took 0 ms.
TpTrace Verbose: 0 : 14028, 4, 2023/02/22, 13:56:18.210, 6189587737273, vstest.console.dll, MulticastDelegateUtilities.SafeInvoke: InternalTestLoggerEvents.SendTestResult: Invoking callback 1/1 for Microsoft.VisualStudio.TestPlatform.CommandLine.Internal.ConsoleLogger., took 0 ms.
TpTrace Verbose: 0 : 14028, 11, 2023/02/22, 13:56:18.211, 6189587749221, vstest.console.dll, ParallelProxyExecutionManager: HandlePartialRunComplete: Total completed clients = 1, Run complete = True, Run canceled: False.
TpTrace Verbose: 0 : 14028, 4, 2023/02/22, 13:56:18.245, 6189588088316, vstest.console.dll, MulticastDelegateUtilities.SafeInvoke: InternalTestLoggerEvents.SendTestRunComplete: Invoking callback 1/2 for Microsoft.TestPlatform.Extensions.BlameDataCollector.BlameLogger., took 0 ms.
TpTrace Verbose: 0 : 14028, 4, 2023/02/22, 13:56:18.265, 6189588294544, vstest.console.dll, MulticastDelegateUtilities.SafeInvoke: InternalTestLoggerEvents.SendTestRunComplete: Invoking callback 2/2 for Microsoft.VisualStudio.TestPlatform.CommandLine.Internal.ConsoleLogger., took 20 ms.
TpTrace Verbose: 0 : 14028, 11, 2023/02/22, 13:56:18.267, 6189588306513, vstest.console.dll, TestRunRequest:TestRunComplete: Starting. IsAborted:False IsCanceled:False.
TpTrace Verbose: 0 : 14028, 11, 2023/02/22, 13:56:18.274, 6189588375900, vstest.console.dll, TestLoggerManager.HandleTestRunComplete: Ignoring as the object is disposed.
TpTrace Verbose: 0 : 14028, 11, 2023/02/22, 13:56:18.274, 6189588383691, vstest.console.dll, MulticastDelegateUtilities.SafeInvoke: TestRun.TestRunComplete: Invoking callback 1/2 for Microsoft.VisualStudio.TestPlatform.CommandLine.TestRunResultAggregator., took 0 ms.
TpTrace Verbose: 0 : 14028, 11, 2023/02/22, 13:56:18.275, 6189588388980, vstest.console.dll, MulticastDelegateUtilities.SafeInvoke: TestRun.TestRunComplete: Invoking callback 2/2 for Microsoft.VisualStudio.TestPlatform.CommandLine.Processors.RunTestsArgumentExecutor+TestRunRequestEventsRegistrar., took 0 ms.
TpTrace Information: 0 : 14028, 11, 2023/02/22, 13:56:18.275, 6189588391444, vstest.console.dll, TestRunRequest:TestRunComplete: Completed.
TpTrace Verbose: 0 : 14028, 11, 2023/02/22, 13:56:18.275, 6189588392551, vstest.console.dll, TestRequestSender.SetOperationComplete: Setting operation complete.
TpTrace Information: 0 : 14028, 11, 2023/02/22, 13:56:18.275, 6189588393721, vstest.console.dll, SocketServer.Stop: Stop server endPoint: 127.0.0.1:54614
TpTrace Information: 0 : 14028, 11, 2023/02/22, 13:56:18.275, 6189588394578, vstest.console.dll, SocketServer.Stop: Cancellation requested. Stopping message loop.
TpTrace Verbose: 0 : 14028, 1, 2023/02/22, 13:56:18.275, 6189588394218, vstest.console.dll, TestRunRequest.Dispose: Starting.
TpTrace Verbose: 0 : 14028, 11, 2023/02/22, 13:56:18.275, 6189588395644, vstest.console.dll, MulticastDelegateUtilities.SafeInvoke: LengthPrefixCommunicationChannel: MessageReceived: Invoking callback 1/1 for Microsoft.VisualStudio.TestPlatform.CommunicationUtilities.TestRequestSender+<>c__DisplayClass31_0., took 340 ms.
TpTrace Information: 0 : 14028, 1, 2023/02/22, 13:56:18.276, 6189588396980, vstest.console.dll, TestRunRequest.Dispose: Completed.
TpTrace Information: 0 : 14028, 11, 2023/02/22, 13:56:18.276, 6189588398023, vstest.console.dll, SocketServer.PrivateStop: Stopping server endPoint: 127.0.0.1:54614 error: 
TpTrace Information: 0 : 14028, 1, 2023/02/22, 13:56:18.276, 6189588399252, vstest.console.dll, TestRequestManager.RunTests: run tests completed.
TpTrace Information: 0 : 14028, 1, 2023/02/22, 13:56:18.277, 6189588406279, vstest.console.dll, RunTestsArgumentProcessor:Execute: Test run is completed.
TpTrace Verbose: 0 : 14028, 11, 2023/02/22, 13:56:18.277, 6189588412850, vstest.console.dll, LengthPrefixCommunicationChannel.Dispose: Dispose reader and writer.
TpTrace Verbose: 0 : 14028, 1, 2023/02/22, 13:56:18.277, 6189588414616, vstest.console.dll, Executor.Execute: Exiting with exit code of 0
TpTrace Information: 0 : 14028, 11, 2023/02/22, 13:56:18.277, 6189588415297, vstest.console.dll, SocketServer.Stop: Raise disconnected event endPoint: 127.0.0.1:54614 error: 
TpTrace Verbose: 0 : 14028, 11, 2023/02/22, 13:56:18.278, 6189588419531, vstest.console.dll, TestRequestSender: OnTestRunAbort: Operation is already complete. Skip error message.
TpTrace Verbose: 0 : 14028, 11, 2023/02/22, 13:56:18.278, 6189588421473, vstest.console.dll, MulticastDelegateUtilities.SafeInvoke: SocketServer: ClientDisconnected: Invoking callback 1/1 for Microsoft.VisualStudio.TestPlatform.CommunicationUtilities.TestRequestSender., took 0 ms.
TpTrace Verbose: 0 : 14028, 11, 2023/02/22, 13:56:18.278, 6189588423313, vstest.console.dll, TcpClientExtensions.MessageLoopAsync: exiting MessageLoopAsync remoteEndPoint: 127.0.0.1:54615 localEndPoint: 127.0.0.1:54614
